<?xml version="1.0" encoding="UTF-8"?>
<testng-results ignored="0" total="126" passed="94" failed="32" skipped="0">
  <reporter-output>
  </reporter-output>
  <suite started-at="2022-01-28T08:58:45 GMT" name="All Test Suite" finished-at="2022-01-28T09:45:20 GMT" duration-ms="2794973">
    <groups>
    </groups>
    <test started-at="2022-01-28T08:58:45 GMT" name="C:/Users/kishor_ghadge/IdeaProjects/Maven_Project" finished-at="2022-01-28T09:45:20 GMT" duration-ms="2794973">
      <class name="Tests.ProjectBRETest">
        <test-method is-config="true" signature="login()[pri:0, instance:Tests.ProjectBRETest@70be0a2b]" started-at="2022-01-28T09:34:13 GMT" name="login" finished-at="2022-01-28T09:34:25 GMT" duration-ms="11884" status="PASS">
          <reporter-output>
          </reporter-output>
        </test-method> <!-- login -->
        <test-method signature="ProjectBREFlow()[pri:0, instance:Tests.ProjectBRETest@70be0a2b]" started-at="2022-01-28T09:34:25 GMT" name="ProjectBREFlow" finished-at="2022-01-28T09:35:24 GMT" duration-ms="58917" status="FAIL">
          <exception class="java.lang.NullPointerException">
            <message>
              <![CDATA[Cannot invoke "com.relevantcodes.extentreports.ExtentTest.log(com.relevantcodes.extentreports.LogStatus, java.lang.Throwable)" because "Tests.ProjectBRETest.test" is null]]>
            </message>
            <full-stacktrace>
              <![CDATA[java.lang.NullPointerException: Cannot invoke "com.relevantcodes.extentreports.ExtentTest.log(com.relevantcodes.extentreports.LogStatus, java.lang.Throwable)" because "Tests.ProjectBRETest.test" is null
at Tests.ProjectBRETest.ProjectBREFlow(ProjectBRETest.java:475)
at java.base/jdk.internal.reflect.NativeMethodAccessorImpl.invoke0(Native Method)
at java.base/jdk.internal.reflect.NativeMethodAccessorImpl.invoke(NativeMethodAccessorImpl.java:77)
at java.base/jdk.internal.reflect.DelegatingMethodAccessorImpl.invoke(DelegatingMethodAccessorImpl.java:43)
at java.base/java.lang.reflect.Method.invoke(Method.java:568)
at org.testng.internal.MethodInvocationHelper.invokeMethod(MethodInvocationHelper.java:133)
at org.testng.internal.TestInvoker.invokeMethod(TestInvoker.java:598)
at org.testng.internal.TestInvoker.invokeTestMethod(TestInvoker.java:173)
at org.testng.internal.MethodRunner.runInSequence(MethodRunner.java:46)
at org.testng.internal.TestInvoker$MethodInvocationAgent.invoke(TestInvoker.java:824)
at org.testng.internal.TestInvoker.invokeTestMethods(TestInvoker.java:146)
at org.testng.internal.TestMethodWorker.invokeTestMethods(TestMethodWorker.java:146)
at org.testng.internal.TestMethodWorker.run(TestMethodWorker.java:128)
at java.base/java.util.ArrayList.forEach(ArrayList.java:1511)
at org.testng.TestRunner.privateRun(TestRunner.java:794)
at org.testng.TestRunner.run(TestRunner.java:596)
at org.testng.SuiteRunner.runTest(SuiteRunner.java:377)
at org.testng.SuiteRunner.runSequentially(SuiteRunner.java:371)
at org.testng.SuiteRunner.privateRun(SuiteRunner.java:332)
at org.testng.SuiteRunner.run(SuiteRunner.java:276)
at org.testng.SuiteRunnerWorker.runSuite(SuiteRunnerWorker.java:53)
at org.testng.SuiteRunnerWorker.run(SuiteRunnerWorker.java:96)
at org.testng.TestNG.runSuitesSequentially(TestNG.java:1212)
at org.testng.TestNG.runSuitesLocally(TestNG.java:1134)
at org.testng.TestNG.runSuites(TestNG.java:1063)
at org.testng.TestNG.run(TestNG.java:1031)
at com.intellij.rt.testng.IDEARemoteTestNG.run(IDEARemoteTestNG.java:66)
at com.intellij.rt.testng.RemoteTestNGStarter.main(RemoteTestNGStarter.java:109)
]]>
            </full-stacktrace>
          </exception> <!-- java.lang.NullPointerException -->
          <reporter-output>
          </reporter-output>
        </test-method> <!-- ProjectBREFlow -->
        <test-method is-config="true" signature="cleanUp()[pri:0, instance:Tests.ProjectBRETest@70be0a2b]" started-at="2022-01-28T09:35:24 GMT" name="cleanUp" finished-at="2022-01-28T09:35:25 GMT" duration-ms="235" status="PASS">
          <reporter-output>
          </reporter-output>
        </test-method> <!-- cleanUp -->
      </class> <!-- Tests.ProjectBRETest -->
      <class name="Tests.DocProcessFreeFormTest">
        <test-method is-config="true" signature="login()[pri:0, instance:Tests.DocProcessFreeFormTest@27c86f2d]" started-at="2022-01-28T09:11:35 GMT" name="login" finished-at="2022-01-28T09:11:48 GMT" duration-ms="12716" status="PASS">
          <reporter-output>
          </reporter-output>
        </test-method> <!-- login -->
        <test-method signature="search_project()[pri:1, instance:Tests.DocProcessFreeFormTest@27c86f2d]" started-at="2022-01-28T09:11:48 GMT" name="search_project" finished-at="2022-01-28T09:12:12 GMT" duration-ms="24306" status="PASS">
          <reporter-output>
          </reporter-output>
        </test-method> <!-- search_project -->
        <test-method signature="search_document()[pri:2, instance:Tests.DocProcessFreeFormTest@27c86f2d]" started-at="2022-01-28T09:12:12 GMT" name="search_document" finished-at="2022-01-28T09:12:19 GMT" duration-ms="6460" status="PASS">
          <reporter-output>
          </reporter-output>
        </test-method> <!-- search_document -->
        <test-method signature="update_document_cancel_it()[pri:3, instance:Tests.DocProcessFreeFormTest@27c86f2d]" started-at="2022-01-28T09:12:19 GMT" name="update_document_cancel_it" finished-at="2022-01-28T09:12:35 GMT" duration-ms="16688" status="PASS">
          <reporter-output>
          </reporter-output>
        </test-method> <!-- update_document_cancel_it -->
        <test-method signature="hide_unhide_analytics()[pri:4, instance:Tests.DocProcessFreeFormTest@27c86f2d]" started-at="2022-01-28T09:12:35 GMT" name="hide_unhide_analytics" finished-at="2022-01-28T09:12:42 GMT" duration-ms="6305" status="PASS">
          <reporter-output>
          </reporter-output>
        </test-method> <!-- hide_unhide_analytics -->
        <test-method signature="documents_filter()[pri:5, instance:Tests.DocProcessFreeFormTest@27c86f2d]" started-at="2022-01-28T09:12:42 GMT" name="documents_filter" finished-at="2022-01-28T09:12:57 GMT" duration-ms="15602" status="PASS">
          <reporter-output>
          </reporter-output>
        </test-method> <!-- documents_filter -->
        <test-method signature="sorting()[pri:6, instance:Tests.DocProcessFreeFormTest@27c86f2d]" started-at="2022-01-28T09:12:57 GMT" name="sorting" finished-at="2022-01-28T09:13:32 GMT" duration-ms="34431" status="PASS">
          <reporter-output>
          </reporter-output>
        </test-method> <!-- sorting -->
        <test-method signature="items_per_page()[pri:7, instance:Tests.DocProcessFreeFormTest@27c86f2d]" started-at="2022-01-28T09:13:32 GMT" name="items_per_page" finished-at="2022-01-28T09:13:36 GMT" duration-ms="4248" status="PASS">
          <reporter-output>
          </reporter-output>
        </test-method> <!-- items_per_page -->
        <test-method signature="next_page_previous_page_first_page_last_page()[pri:8, instance:Tests.DocProcessFreeFormTest@27c86f2d]" started-at="2022-01-28T09:13:36 GMT" name="next_page_previous_page_first_page_last_page" finished-at="2022-01-28T09:13:53 GMT" duration-ms="16788" status="PASS">
          <reporter-output>
          </reporter-output>
        </test-method> <!-- next_page_previous_page_first_page_last_page -->
        <test-method signature="anti_clockwise_clockwise_zoomin_zoomout_navigate_right_left()[pri:9, instance:Tests.DocProcessFreeFormTest@27c86f2d]" started-at="2022-01-28T09:13:53 GMT" name="anti_clockwise_clockwise_zoomin_zoomout_navigate_right_left" finished-at="2022-01-28T09:14:27 GMT" duration-ms="33920" status="PASS">
          <reporter-output>
          </reporter-output>
        </test-method> <!-- anti_clockwise_clockwise_zoomin_zoomout_navigate_right_left -->
        <test-method is-config="true" signature="cleanUp()[pri:0, instance:Tests.DocProcessFreeFormTest@27c86f2d]" started-at="2022-01-28T09:14:27 GMT" name="cleanUp" finished-at="2022-01-28T09:14:27 GMT" duration-ms="406" status="PASS">
          <reporter-output>
          </reporter-output>
        </test-method> <!-- cleanUp -->
      </class> <!-- Tests.DocProcessFreeFormTest -->
      <class name="Tests.FunctionalTabTest">
        <test-method is-config="true" signature="login()[pri:0, instance:Tests.FunctionalTabTest@13c10b87]" started-at="2022-01-28T09:21:13 GMT" name="login" finished-at="2022-01-28T09:21:25 GMT" duration-ms="11924" status="PASS">
          <reporter-output>
          </reporter-output>
        </test-method> <!-- login -->
        <test-method signature="click_on_n_icon()[pri:1, instance:Tests.FunctionalTabTest@13c10b87]" started-at="2022-01-28T09:21:25 GMT" name="click_on_n_icon" finished-at="2022-01-28T09:21:28 GMT" duration-ms="3213" status="PASS">
          <reporter-output>
          </reporter-output>
        </test-method> <!-- click_on_n_icon -->
        <test-method signature="horizontal_users_tab()[pri:2, instance:Tests.FunctionalTabTest@13c10b87]" started-at="2022-01-28T09:21:28 GMT" name="horizontal_users_tab" finished-at="2022-01-28T09:21:37 GMT" duration-ms="9196" status="PASS">
          <reporter-output>
          </reporter-output>
        </test-method> <!-- horizontal_users_tab -->
        <test-method signature="horizontal_roles_tab()[pri:3, instance:Tests.FunctionalTabTest@13c10b87]" started-at="2022-01-28T09:21:37 GMT" name="horizontal_roles_tab" finished-at="2022-01-28T09:21:48 GMT" duration-ms="11209" status="PASS">
          <reporter-output>
          </reporter-output>
        </test-method> <!-- horizontal_roles_tab -->
        <test-method signature="horizontal_templates_tab()[pri:4, instance:Tests.FunctionalTabTest@13c10b87]" started-at="2022-01-28T09:21:48 GMT" name="horizontal_templates_tab" finished-at="2022-01-28T09:22:02 GMT" duration-ms="14223" status="PASS">
          <reporter-output>
          </reporter-output>
        </test-method> <!-- horizontal_templates_tab -->
        <test-method signature="horizontal_datasets_tab()[pri:5, instance:Tests.FunctionalTabTest@13c10b87]" started-at="2022-01-28T09:22:02 GMT" name="horizontal_datasets_tab" finished-at="2022-01-28T09:22:14 GMT" duration-ms="11279" status="PASS">
          <reporter-output>
          </reporter-output>
        </test-method> <!-- horizontal_datasets_tab -->
        <test-method signature="horizontal_projects_tab()[pri:6, instance:Tests.FunctionalTabTest@13c10b87]" started-at="2022-01-28T09:22:14 GMT" name="horizontal_projects_tab" finished-at="2022-01-28T09:22:28 GMT" duration-ms="14284" status="PASS">
          <reporter-output>
          </reporter-output>
        </test-method> <!-- horizontal_projects_tab -->
        <test-method signature="horizontal_documents_tab()[pri:7, instance:Tests.FunctionalTabTest@13c10b87]" started-at="2022-01-28T09:22:28 GMT" name="horizontal_documents_tab" finished-at="2022-01-28T09:22:39 GMT" duration-ms="11279" status="PASS">
          <reporter-output>
          </reporter-output>
        </test-method> <!-- horizontal_documents_tab -->
        <test-method signature="horizontal_analytics_tab()[pri:8, instance:Tests.FunctionalTabTest@13c10b87]" started-at="2022-01-28T09:22:39 GMT" name="horizontal_analytics_tab" finished-at="2022-01-28T09:22:51 GMT" duration-ms="11300" status="PASS">
          <reporter-output>
          </reporter-output>
        </test-method> <!-- horizontal_analytics_tab -->
        <test-method signature="vertical_users_tab()[pri:9, instance:Tests.FunctionalTabTest@13c10b87]" started-at="2022-01-28T09:22:51 GMT" name="vertical_users_tab" finished-at="2022-01-28T09:23:02 GMT" duration-ms="11312" status="PASS">
          <reporter-output>
          </reporter-output>
        </test-method> <!-- vertical_users_tab -->
        <test-method signature="vertical_roles_tab()[pri:10, instance:Tests.FunctionalTabTest@13c10b87]" started-at="2022-01-28T09:23:02 GMT" name="vertical_roles_tab" finished-at="2022-01-28T09:23:13 GMT" duration-ms="11218" status="PASS">
          <reporter-output>
          </reporter-output>
        </test-method> <!-- vertical_roles_tab -->
        <test-method signature="vertical_templates_tab()[pri:11, instance:Tests.FunctionalTabTest@13c10b87]" started-at="2022-01-28T09:23:13 GMT" name="vertical_templates_tab" finished-at="2022-01-28T09:23:27 GMT" duration-ms="14237" status="PASS">
          <reporter-output>
          </reporter-output>
        </test-method> <!-- vertical_templates_tab -->
        <test-method signature="vertical_datasets_tab()[pri:12, instance:Tests.FunctionalTabTest@13c10b87]" started-at="2022-01-28T09:23:27 GMT" name="vertical_datasets_tab" finished-at="2022-01-28T09:23:39 GMT" duration-ms="11908" status="PASS">
          <reporter-output>
          </reporter-output>
        </test-method> <!-- vertical_datasets_tab -->
        <test-method signature="vertical_projects_tab()[pri:13, instance:Tests.FunctionalTabTest@13c10b87]" started-at="2022-01-28T09:23:39 GMT" name="vertical_projects_tab" finished-at="2022-01-28T09:23:53 GMT" duration-ms="13287" status="PASS">
          <reporter-output>
          </reporter-output>
        </test-method> <!-- vertical_projects_tab -->
        <test-method signature="vertical_Documents_tab()[pri:14, instance:Tests.FunctionalTabTest@13c10b87]" started-at="2022-01-28T09:23:53 GMT" name="vertical_Documents_tab" finished-at="2022-01-28T09:24:04 GMT" duration-ms="11336" status="PASS">
          <reporter-output>
          </reporter-output>
        </test-method> <!-- vertical_Documents_tab -->
        <test-method signature="vertical_analytics_tab()[pri:15, instance:Tests.FunctionalTabTest@13c10b87]" started-at="2022-01-28T09:24:04 GMT" name="vertical_analytics_tab" finished-at="2022-01-28T09:24:14 GMT" duration-ms="10602" status="PASS">
          <reporter-output>
          </reporter-output>
        </test-method> <!-- vertical_analytics_tab -->
        <test-method is-config="true" signature="cleanUp()[pri:0, instance:Tests.FunctionalTabTest@13c10b87]" started-at="2022-01-28T09:24:14 GMT" name="cleanUp" finished-at="2022-01-28T09:24:15 GMT" duration-ms="297" status="PASS">
          <reporter-output>
          </reporter-output>
        </test-method> <!-- cleanUp -->
      </class> <!-- Tests.FunctionalTabTest -->
      <class name="Tests.ProjectFlowStructuredTest">
        <test-method is-config="true" signature="login()[pri:0, instance:Tests.ProjectFlowStructuredTest@23f7d05d]" started-at="2022-01-28T09:38:03 GMT" name="login" finished-at="2022-01-28T09:38:15 GMT" duration-ms="11990" status="PASS">
          <reporter-output>
          </reporter-output>
        </test-method> <!-- login -->
        <test-method signature="ProjectFlow()[pri:0, instance:Tests.ProjectFlowStructuredTest@23f7d05d]" started-at="2022-01-28T09:38:15 GMT" name="ProjectFlow" finished-at="2022-01-28T09:38:15 GMT" duration-ms="0" status="FAIL">
          <exception class="java.lang.NullPointerException">
            <message>
              <![CDATA[Cannot invoke "com.relevantcodes.extentreports.ExtentTest.log(com.relevantcodes.extentreports.LogStatus, java.lang.Throwable)" because "Tests.ProjectFlowStructuredTest.test" is null]]>
            </message>
            <full-stacktrace>
              <![CDATA[java.lang.NullPointerException: Cannot invoke "com.relevantcodes.extentreports.ExtentTest.log(com.relevantcodes.extentreports.LogStatus, java.lang.Throwable)" because "Tests.ProjectFlowStructuredTest.test" is null
at Tests.ProjectFlowStructuredTest.ProjectFlow(ProjectFlowStructuredTest.java:529)
at java.base/jdk.internal.reflect.NativeMethodAccessorImpl.invoke0(Native Method)
at java.base/jdk.internal.reflect.NativeMethodAccessorImpl.invoke(NativeMethodAccessorImpl.java:77)
at java.base/jdk.internal.reflect.DelegatingMethodAccessorImpl.invoke(DelegatingMethodAccessorImpl.java:43)
at java.base/java.lang.reflect.Method.invoke(Method.java:568)
at org.testng.internal.MethodInvocationHelper.invokeMethod(MethodInvocationHelper.java:133)
at org.testng.internal.TestInvoker.invokeMethod(TestInvoker.java:598)
at org.testng.internal.TestInvoker.invokeTestMethod(TestInvoker.java:173)
at org.testng.internal.MethodRunner.runInSequence(MethodRunner.java:46)
at org.testng.internal.TestInvoker$MethodInvocationAgent.invoke(TestInvoker.java:824)
at org.testng.internal.TestInvoker.invokeTestMethods(TestInvoker.java:146)
at org.testng.internal.TestMethodWorker.invokeTestMethods(TestMethodWorker.java:146)
at org.testng.internal.TestMethodWorker.run(TestMethodWorker.java:128)
at java.base/java.util.ArrayList.forEach(ArrayList.java:1511)
at org.testng.TestRunner.privateRun(TestRunner.java:794)
at org.testng.TestRunner.run(TestRunner.java:596)
at org.testng.SuiteRunner.runTest(SuiteRunner.java:377)
at org.testng.SuiteRunner.runSequentially(SuiteRunner.java:371)
at org.testng.SuiteRunner.privateRun(SuiteRunner.java:332)
at org.testng.SuiteRunner.run(SuiteRunner.java:276)
at org.testng.SuiteRunnerWorker.runSuite(SuiteRunnerWorker.java:53)
at org.testng.SuiteRunnerWorker.run(SuiteRunnerWorker.java:96)
at org.testng.TestNG.runSuitesSequentially(TestNG.java:1212)
at org.testng.TestNG.runSuitesLocally(TestNG.java:1134)
at org.testng.TestNG.runSuites(TestNG.java:1063)
at org.testng.TestNG.run(TestNG.java:1031)
at com.intellij.rt.testng.IDEARemoteTestNG.run(IDEARemoteTestNG.java:66)
at com.intellij.rt.testng.RemoteTestNGStarter.main(RemoteTestNGStarter.java:109)
]]>
            </full-stacktrace>
          </exception> <!-- java.lang.NullPointerException -->
          <reporter-output>
          </reporter-output>
        </test-method> <!-- ProjectFlow -->
        <test-method is-config="true" signature="cleanUp()[pri:0, instance:Tests.ProjectFlowStructuredTest@23f7d05d]" started-at="2022-01-28T09:38:15 GMT" name="cleanUp" finished-at="2022-01-28T09:38:15 GMT" duration-ms="236" status="PASS">
          <reporter-output>
          </reporter-output>
        </test-method> <!-- cleanUp -->
      </class> <!-- Tests.ProjectFlowStructuredTest -->
      <class name="Tests.CreateUpdateRolePlatformAdminTest">
        <test-method is-config="true" signature="login()[pri:0, instance:Tests.CreateUpdateRolePlatformAdminTest@10db82ae]" started-at="2022-01-28T09:03:55 GMT" name="login" finished-at="2022-01-28T09:04:08 GMT" duration-ms="12754" status="PASS">
          <reporter-output>
          </reporter-output>
        </test-method> <!-- login -->
        <test-method signature="create_role_with_blank_rolename_permission()[pri:1, instance:Tests.CreateUpdateRolePlatformAdminTest@10db82ae]" started-at="2022-01-28T09:04:08 GMT" name="create_role_with_blank_rolename_permission" finished-at="2022-01-28T09:04:27 GMT" duration-ms="19231" status="PASS">
          <reporter-output>
          </reporter-output>
        </test-method> <!-- create_role_with_blank_rolename_permission -->
        <test-method signature="create_role_with_valid_rolename_blank_permission()[pri:2, instance:Tests.CreateUpdateRolePlatformAdminTest@10db82ae]" started-at="2022-01-28T09:04:27 GMT" name="create_role_with_valid_rolename_blank_permission" finished-at="2022-01-28T09:04:39 GMT" duration-ms="11926" status="PASS">
          <reporter-output>
          </reporter-output>
        </test-method> <!-- create_role_with_valid_rolename_blank_permission -->
        <test-method signature="create_role_with_blank_rolename_valid_permission()[pri:3, instance:Tests.CreateUpdateRolePlatformAdminTest@10db82ae]" started-at="2022-01-28T09:04:39 GMT" name="create_role_with_blank_rolename_valid_permission" finished-at="2022-01-28T09:04:55 GMT" duration-ms="15496" status="PASS">
          <reporter-output>
          </reporter-output>
        </test-method> <!-- create_role_with_blank_rolename_valid_permission -->
        <test-method signature="create_role_with_valid_rolename_permission()[pri:4, instance:Tests.CreateUpdateRolePlatformAdminTest@10db82ae]" started-at="2022-01-28T09:04:55 GMT" name="create_role_with_valid_rolename_permission" finished-at="2022-01-28T09:05:11 GMT" duration-ms="16644" status="PASS">
          <reporter-output>
          </reporter-output>
        </test-method> <!-- create_role_with_valid_rolename_permission -->
        <test-method signature="create_role_with_existing_name()[pri:5, instance:Tests.CreateUpdateRolePlatformAdminTest@10db82ae]" started-at="2022-01-28T09:05:11 GMT" name="create_role_with_existing_name" finished-at="2022-01-28T09:05:29 GMT" duration-ms="17644" status="PASS">
          <reporter-output>
          </reporter-output>
        </test-method> <!-- create_role_with_existing_name -->
        <test-method signature="search_created_role()[pri:6, instance:Tests.CreateUpdateRolePlatformAdminTest@10db82ae]" started-at="2022-01-28T09:05:29 GMT" name="search_created_role" finished-at="2022-01-28T09:05:32 GMT" duration-ms="3371" status="PASS">
          <reporter-output>
          </reporter-output>
        </test-method> <!-- search_created_role -->
        <test-method signature="update_role_with_valid_data()[pri:7, instance:Tests.CreateUpdateRolePlatformAdminTest@10db82ae]" started-at="2022-01-28T09:05:32 GMT" name="update_role_with_valid_data" finished-at="2022-01-28T09:05:50 GMT" duration-ms="17464" status="PASS">
          <reporter-output>
          </reporter-output>
        </test-method> <!-- update_role_with_valid_data -->
        <test-method signature="remove_all_permissions_update()[pri:8, instance:Tests.CreateUpdateRolePlatformAdminTest@10db82ae]" started-at="2022-01-28T09:05:50 GMT" name="remove_all_permissions_update" finished-at="2022-01-28T09:06:05 GMT" duration-ms="15476" status="PASS">
          <reporter-output>
          </reporter-output>
        </test-method> <!-- remove_all_permissions_update -->
        <test-method signature="disable_status_role_update()[pri:9, instance:Tests.CreateUpdateRolePlatformAdminTest@10db82ae]" started-at="2022-01-28T09:06:05 GMT" name="disable_status_role_update" finished-at="2022-01-28T09:06:18 GMT" duration-ms="13325" status="PASS">
          <reporter-output>
          </reporter-output>
        </test-method> <!-- disable_status_role_update -->
        <test-method signature="enable_status_role_update()[pri:10, instance:Tests.CreateUpdateRolePlatformAdminTest@10db82ae]" started-at="2022-01-28T09:06:18 GMT" name="enable_status_role_update" finished-at="2022-01-28T09:06:37 GMT" duration-ms="18485" status="PASS">
          <reporter-output>
          </reporter-output>
        </test-method> <!-- enable_status_role_update -->
        <test-method is-config="true" signature="cleanUp()[pri:0, instance:Tests.CreateUpdateRolePlatformAdminTest@10db82ae]" started-at="2022-01-28T09:06:37 GMT" name="cleanUp" finished-at="2022-01-28T09:06:37 GMT" duration-ms="281" status="PASS">
          <reporter-output>
          </reporter-output>
        </test-method> <!-- cleanUp -->
      </class> <!-- Tests.CreateUpdateRolePlatformAdminTest -->
      <class name="Tests.CreateUpdateRoleAdminTest">
        <test-method is-config="true" signature="login()[pri:0, instance:Tests.CreateUpdateRoleAdminTest@78dd667e]" started-at="2022-01-28T09:01:10 GMT" name="login" finished-at="2022-01-28T09:01:11 GMT" duration-ms="1320" status="PASS">
          <reporter-output>
          </reporter-output>
        </test-method> <!-- login -->
        <test-method signature="CreateRoleAdminFlow()[pri:0, instance:Tests.CreateUpdateRoleAdminTest@78dd667e]" started-at="2022-01-28T09:01:11 GMT" name="CreateRoleAdminFlow" finished-at="2022-01-28T09:03:55 GMT" duration-ms="163846" status="PASS">
          <reporter-output>
          </reporter-output>
        </test-method> <!-- CreateRoleAdminFlow -->
        <test-method is-config="true" signature="cleanUp()[pri:0, instance:Tests.CreateUpdateRoleAdminTest@78dd667e]" started-at="2022-01-28T09:03:55 GMT" name="cleanUp" finished-at="2022-01-28T09:03:55 GMT" duration-ms="250" status="PASS">
          <reporter-output>
          </reporter-output>
        </test-method> <!-- cleanUp -->
      </class> <!-- Tests.CreateUpdateRoleAdminTest -->
      <class name="Tests.ProjectBREMedicalChartDocumentTest1">
        <test-method is-config="true" signature="login()[pri:0, instance:Tests.ProjectBREMedicalChartDocumentTest1@7fc2413d]" started-at="2022-01-28T09:30:37 GMT" name="login" finished-at="2022-01-28T09:30:50 GMT" duration-ms="12023" status="PASS">
          <reporter-output>
          </reporter-output>
        </test-method> <!-- login -->
        <test-method signature="verify_rejected_document_no_data_extracted_on_medical_chart()[pri:1, instance:Tests.ProjectBREMedicalChartDocumentTest1@7fc2413d]" started-at="2022-01-28T09:30:50 GMT" name="verify_rejected_document_no_data_extracted_on_medical_chart" finished-at="2022-01-28T09:31:21 GMT" duration-ms="31550" status="FAIL">
          <exception class="java.lang.NullPointerException">
            <message>
              <![CDATA[Cannot invoke "com.relevantcodes.extentreports.ExtentTest.log(com.relevantcodes.extentreports.LogStatus, java.lang.Throwable)" because "Tests.ProjectBREMedicalChartDocumentTest1.test" is null]]>
            </message>
            <full-stacktrace>
              <![CDATA[java.lang.NullPointerException: Cannot invoke "com.relevantcodes.extentreports.ExtentTest.log(com.relevantcodes.extentreports.LogStatus, java.lang.Throwable)" because "Tests.ProjectBREMedicalChartDocumentTest1.test" is null
at Tests.ProjectBREMedicalChartDocumentTest1.verify_rejected_document_no_data_extracted_on_medical_chart(ProjectBREMedicalChartDocumentTest1.java:54)
at java.base/jdk.internal.reflect.NativeMethodAccessorImpl.invoke0(Native Method)
at java.base/jdk.internal.reflect.NativeMethodAccessorImpl.invoke(NativeMethodAccessorImpl.java:77)
at java.base/jdk.internal.reflect.DelegatingMethodAccessorImpl.invoke(DelegatingMethodAccessorImpl.java:43)
at java.base/java.lang.reflect.Method.invoke(Method.java:568)
at org.testng.internal.MethodInvocationHelper.invokeMethod(MethodInvocationHelper.java:133)
at org.testng.internal.TestInvoker.invokeMethod(TestInvoker.java:598)
at org.testng.internal.TestInvoker.invokeTestMethod(TestInvoker.java:173)
at org.testng.internal.MethodRunner.runInSequence(MethodRunner.java:46)
at org.testng.internal.TestInvoker$MethodInvocationAgent.invoke(TestInvoker.java:824)
at org.testng.internal.TestInvoker.invokeTestMethods(TestInvoker.java:146)
at org.testng.internal.TestMethodWorker.invokeTestMethods(TestMethodWorker.java:146)
at org.testng.internal.TestMethodWorker.run(TestMethodWorker.java:128)
at java.base/java.util.ArrayList.forEach(ArrayList.java:1511)
at org.testng.TestRunner.privateRun(TestRunner.java:794)
at org.testng.TestRunner.run(TestRunner.java:596)
at org.testng.SuiteRunner.runTest(SuiteRunner.java:377)
at org.testng.SuiteRunner.runSequentially(SuiteRunner.java:371)
at org.testng.SuiteRunner.privateRun(SuiteRunner.java:332)
at org.testng.SuiteRunner.run(SuiteRunner.java:276)
at org.testng.SuiteRunnerWorker.runSuite(SuiteRunnerWorker.java:53)
at org.testng.SuiteRunnerWorker.run(SuiteRunnerWorker.java:96)
at org.testng.TestNG.runSuitesSequentially(TestNG.java:1212)
at org.testng.TestNG.runSuitesLocally(TestNG.java:1134)
at org.testng.TestNG.runSuites(TestNG.java:1063)
at org.testng.TestNG.run(TestNG.java:1031)
at com.intellij.rt.testng.IDEARemoteTestNG.run(IDEARemoteTestNG.java:66)
at com.intellij.rt.testng.RemoteTestNGStarter.main(RemoteTestNGStarter.java:109)
]]>
            </full-stacktrace>
          </exception> <!-- java.lang.NullPointerException -->
          <reporter-output>
          </reporter-output>
        </test-method> <!-- verify_rejected_document_no_data_extracted_on_medical_chart -->
        <test-method signature="edit_encounter_detail_and_enter_invalid_npi_physician_on_medical_chart()[pri:2, instance:Tests.ProjectBREMedicalChartDocumentTest1@7fc2413d]" started-at="2022-01-28T09:31:21 GMT" name="edit_encounter_detail_and_enter_invalid_npi_physician_on_medical_chart" finished-at="2022-01-28T09:31:41 GMT" duration-ms="19723" status="FAIL">
          <exception class="java.lang.NullPointerException">
            <message>
              <![CDATA[Cannot invoke "com.relevantcodes.extentreports.ExtentTest.log(com.relevantcodes.extentreports.LogStatus, java.lang.Throwable)" because "Tests.ProjectBREMedicalChartDocumentTest1.test" is null]]>
            </message>
            <full-stacktrace>
              <![CDATA[java.lang.NullPointerException: Cannot invoke "com.relevantcodes.extentreports.ExtentTest.log(com.relevantcodes.extentreports.LogStatus, java.lang.Throwable)" because "Tests.ProjectBREMedicalChartDocumentTest1.test" is null
at Tests.ProjectBREMedicalChartDocumentTest1.edit_encounter_detail_and_enter_invalid_npi_physician_on_medical_chart(ProjectBREMedicalChartDocumentTest1.java:95)
at java.base/jdk.internal.reflect.NativeMethodAccessorImpl.invoke0(Native Method)
at java.base/jdk.internal.reflect.NativeMethodAccessorImpl.invoke(NativeMethodAccessorImpl.java:77)
at java.base/jdk.internal.reflect.DelegatingMethodAccessorImpl.invoke(DelegatingMethodAccessorImpl.java:43)
at java.base/java.lang.reflect.Method.invoke(Method.java:568)
at org.testng.internal.MethodInvocationHelper.invokeMethod(MethodInvocationHelper.java:133)
at org.testng.internal.TestInvoker.invokeMethod(TestInvoker.java:598)
at org.testng.internal.TestInvoker.invokeTestMethod(TestInvoker.java:173)
at org.testng.internal.MethodRunner.runInSequence(MethodRunner.java:46)
at org.testng.internal.TestInvoker$MethodInvocationAgent.invoke(TestInvoker.java:824)
at org.testng.internal.TestInvoker.invokeTestMethods(TestInvoker.java:146)
at org.testng.internal.TestMethodWorker.invokeTestMethods(TestMethodWorker.java:146)
at org.testng.internal.TestMethodWorker.run(TestMethodWorker.java:128)
at java.base/java.util.ArrayList.forEach(ArrayList.java:1511)
at org.testng.TestRunner.privateRun(TestRunner.java:794)
at org.testng.TestRunner.run(TestRunner.java:596)
at org.testng.SuiteRunner.runTest(SuiteRunner.java:377)
at org.testng.SuiteRunner.runSequentially(SuiteRunner.java:371)
at org.testng.SuiteRunner.privateRun(SuiteRunner.java:332)
at org.testng.SuiteRunner.run(SuiteRunner.java:276)
at org.testng.SuiteRunnerWorker.runSuite(SuiteRunnerWorker.java:53)
at org.testng.SuiteRunnerWorker.run(SuiteRunnerWorker.java:96)
at org.testng.TestNG.runSuitesSequentially(TestNG.java:1212)
at org.testng.TestNG.runSuitesLocally(TestNG.java:1134)
at org.testng.TestNG.runSuites(TestNG.java:1063)
at org.testng.TestNG.run(TestNG.java:1031)
at com.intellij.rt.testng.IDEARemoteTestNG.run(IDEARemoteTestNG.java:66)
at com.intellij.rt.testng.RemoteTestNGStarter.main(RemoteTestNGStarter.java:109)
]]>
            </full-stacktrace>
          </exception> <!-- java.lang.NullPointerException -->
          <reporter-output>
          </reporter-output>
        </test-method> <!-- edit_encounter_detail_and_enter_invalid_npi_physician_on_medical_chart -->
        <test-method signature="run_rule_for_invalid_physicians_sign_on_medical_chart()[pri:3, instance:Tests.ProjectBREMedicalChartDocumentTest1@7fc2413d]" started-at="2022-01-28T09:31:41 GMT" name="run_rule_for_invalid_physicians_sign_on_medical_chart" finished-at="2022-01-28T09:32:00 GMT" duration-ms="19212" status="FAIL">
          <exception class="java.lang.NullPointerException">
            <message>
              <![CDATA[Cannot invoke "com.relevantcodes.extentreports.ExtentTest.log(com.relevantcodes.extentreports.LogStatus, java.lang.Throwable)" because "Tests.ProjectBREMedicalChartDocumentTest1.test" is null]]>
            </message>
            <full-stacktrace>
              <![CDATA[java.lang.NullPointerException: Cannot invoke "com.relevantcodes.extentreports.ExtentTest.log(com.relevantcodes.extentreports.LogStatus, java.lang.Throwable)" because "Tests.ProjectBREMedicalChartDocumentTest1.test" is null
at Tests.ProjectBREMedicalChartDocumentTest1.run_rule_for_invalid_physicians_sign_on_medical_chart(ProjectBREMedicalChartDocumentTest1.java:126)
at java.base/jdk.internal.reflect.NativeMethodAccessorImpl.invoke0(Native Method)
at java.base/jdk.internal.reflect.NativeMethodAccessorImpl.invoke(NativeMethodAccessorImpl.java:77)
at java.base/jdk.internal.reflect.DelegatingMethodAccessorImpl.invoke(DelegatingMethodAccessorImpl.java:43)
at java.base/java.lang.reflect.Method.invoke(Method.java:568)
at org.testng.internal.MethodInvocationHelper.invokeMethod(MethodInvocationHelper.java:133)
at org.testng.internal.TestInvoker.invokeMethod(TestInvoker.java:598)
at org.testng.internal.TestInvoker.invokeTestMethod(TestInvoker.java:173)
at org.testng.internal.MethodRunner.runInSequence(MethodRunner.java:46)
at org.testng.internal.TestInvoker$MethodInvocationAgent.invoke(TestInvoker.java:824)
at org.testng.internal.TestInvoker.invokeTestMethods(TestInvoker.java:146)
at org.testng.internal.TestMethodWorker.invokeTestMethods(TestMethodWorker.java:146)
at org.testng.internal.TestMethodWorker.run(TestMethodWorker.java:128)
at java.base/java.util.ArrayList.forEach(ArrayList.java:1511)
at org.testng.TestRunner.privateRun(TestRunner.java:794)
at org.testng.TestRunner.run(TestRunner.java:596)
at org.testng.SuiteRunner.runTest(SuiteRunner.java:377)
at org.testng.SuiteRunner.runSequentially(SuiteRunner.java:371)
at org.testng.SuiteRunner.privateRun(SuiteRunner.java:332)
at org.testng.SuiteRunner.run(SuiteRunner.java:276)
at org.testng.SuiteRunnerWorker.runSuite(SuiteRunnerWorker.java:53)
at org.testng.SuiteRunnerWorker.run(SuiteRunnerWorker.java:96)
at org.testng.TestNG.runSuitesSequentially(TestNG.java:1212)
at org.testng.TestNG.runSuitesLocally(TestNG.java:1134)
at org.testng.TestNG.runSuites(TestNG.java:1063)
at org.testng.TestNG.run(TestNG.java:1031)
at com.intellij.rt.testng.IDEARemoteTestNG.run(IDEARemoteTestNG.java:66)
at com.intellij.rt.testng.RemoteTestNGStarter.main(RemoteTestNGStarter.java:109)
]]>
            </full-stacktrace>
          </exception> <!-- java.lang.NullPointerException -->
          <reporter-output>
          </reporter-output>
        </test-method> <!-- run_rule_for_invalid_physicians_sign_on_medical_chart -->
        <test-method signature="verify_icd_on_medical_chart()[pri:4, instance:Tests.ProjectBREMedicalChartDocumentTest1@7fc2413d]" started-at="2022-01-28T09:32:00 GMT" name="verify_icd_on_medical_chart" finished-at="2022-01-28T09:32:49 GMT" duration-ms="48303" status="FAIL">
          <exception class="java.lang.NullPointerException">
            <message>
              <![CDATA[Cannot invoke "com.relevantcodes.extentreports.ExtentTest.log(com.relevantcodes.extentreports.LogStatus, java.lang.Throwable)" because "Tests.ProjectBREMedicalChartDocumentTest1.test" is null]]>
            </message>
            <full-stacktrace>
              <![CDATA[java.lang.NullPointerException: Cannot invoke "com.relevantcodes.extentreports.ExtentTest.log(com.relevantcodes.extentreports.LogStatus, java.lang.Throwable)" because "Tests.ProjectBREMedicalChartDocumentTest1.test" is null
at Tests.ProjectBREMedicalChartDocumentTest1.verify_icd_on_medical_chart(ProjectBREMedicalChartDocumentTest1.java:186)
at java.base/jdk.internal.reflect.NativeMethodAccessorImpl.invoke0(Native Method)
at java.base/jdk.internal.reflect.NativeMethodAccessorImpl.invoke(NativeMethodAccessorImpl.java:77)
at java.base/jdk.internal.reflect.DelegatingMethodAccessorImpl.invoke(DelegatingMethodAccessorImpl.java:43)
at java.base/java.lang.reflect.Method.invoke(Method.java:568)
at org.testng.internal.MethodInvocationHelper.invokeMethod(MethodInvocationHelper.java:133)
at org.testng.internal.TestInvoker.invokeMethod(TestInvoker.java:598)
at org.testng.internal.TestInvoker.invokeTestMethod(TestInvoker.java:173)
at org.testng.internal.MethodRunner.runInSequence(MethodRunner.java:46)
at org.testng.internal.TestInvoker$MethodInvocationAgent.invoke(TestInvoker.java:824)
at org.testng.internal.TestInvoker.invokeTestMethods(TestInvoker.java:146)
at org.testng.internal.TestMethodWorker.invokeTestMethods(TestMethodWorker.java:146)
at org.testng.internal.TestMethodWorker.run(TestMethodWorker.java:128)
at java.base/java.util.ArrayList.forEach(ArrayList.java:1511)
at org.testng.TestRunner.privateRun(TestRunner.java:794)
at org.testng.TestRunner.run(TestRunner.java:596)
at org.testng.SuiteRunner.runTest(SuiteRunner.java:377)
at org.testng.SuiteRunner.runSequentially(SuiteRunner.java:371)
at org.testng.SuiteRunner.privateRun(SuiteRunner.java:332)
at org.testng.SuiteRunner.run(SuiteRunner.java:276)
at org.testng.SuiteRunnerWorker.runSuite(SuiteRunnerWorker.java:53)
at org.testng.SuiteRunnerWorker.run(SuiteRunnerWorker.java:96)
at org.testng.TestNG.runSuitesSequentially(TestNG.java:1212)
at org.testng.TestNG.runSuitesLocally(TestNG.java:1134)
at org.testng.TestNG.runSuites(TestNG.java:1063)
at org.testng.TestNG.run(TestNG.java:1031)
at com.intellij.rt.testng.IDEARemoteTestNG.run(IDEARemoteTestNG.java:66)
at com.intellij.rt.testng.RemoteTestNGStarter.main(RemoteTestNGStarter.java:109)
]]>
            </full-stacktrace>
          </exception> <!-- java.lang.NullPointerException -->
          <reporter-output>
          </reporter-output>
        </test-method> <!-- verify_icd_on_medical_chart -->
        <test-method signature="save_without_hcc_comments_on_medical_chart()[pri:5, instance:Tests.ProjectBREMedicalChartDocumentTest1@7fc2413d]" started-at="2022-01-28T09:32:49 GMT" name="save_without_hcc_comments_on_medical_chart" finished-at="2022-01-28T09:32:51 GMT" duration-ms="2239" status="FAIL">
          <exception class="java.lang.NullPointerException">
            <message>
              <![CDATA[Cannot invoke "com.relevantcodes.extentreports.ExtentTest.log(com.relevantcodes.extentreports.LogStatus, java.lang.Throwable)" because "Tests.ProjectBREMedicalChartDocumentTest1.test" is null]]>
            </message>
            <full-stacktrace>
              <![CDATA[java.lang.NullPointerException: Cannot invoke "com.relevantcodes.extentreports.ExtentTest.log(com.relevantcodes.extentreports.LogStatus, java.lang.Throwable)" because "Tests.ProjectBREMedicalChartDocumentTest1.test" is null
at Tests.ProjectBREMedicalChartDocumentTest1.save_without_hcc_comments_on_medical_chart(ProjectBREMedicalChartDocumentTest1.java:200)
at java.base/jdk.internal.reflect.NativeMethodAccessorImpl.invoke0(Native Method)
at java.base/jdk.internal.reflect.NativeMethodAccessorImpl.invoke(NativeMethodAccessorImpl.java:77)
at java.base/jdk.internal.reflect.DelegatingMethodAccessorImpl.invoke(DelegatingMethodAccessorImpl.java:43)
at java.base/java.lang.reflect.Method.invoke(Method.java:568)
at org.testng.internal.MethodInvocationHelper.invokeMethod(MethodInvocationHelper.java:133)
at org.testng.internal.TestInvoker.invokeMethod(TestInvoker.java:598)
at org.testng.internal.TestInvoker.invokeTestMethod(TestInvoker.java:173)
at org.testng.internal.MethodRunner.runInSequence(MethodRunner.java:46)
at org.testng.internal.TestInvoker$MethodInvocationAgent.invoke(TestInvoker.java:824)
at org.testng.internal.TestInvoker.invokeTestMethods(TestInvoker.java:146)
at org.testng.internal.TestMethodWorker.invokeTestMethods(TestMethodWorker.java:146)
at org.testng.internal.TestMethodWorker.run(TestMethodWorker.java:128)
at java.base/java.util.ArrayList.forEach(ArrayList.java:1511)
at org.testng.TestRunner.privateRun(TestRunner.java:794)
at org.testng.TestRunner.run(TestRunner.java:596)
at org.testng.SuiteRunner.runTest(SuiteRunner.java:377)
at org.testng.SuiteRunner.runSequentially(SuiteRunner.java:371)
at org.testng.SuiteRunner.privateRun(SuiteRunner.java:332)
at org.testng.SuiteRunner.run(SuiteRunner.java:276)
at org.testng.SuiteRunnerWorker.runSuite(SuiteRunnerWorker.java:53)
at org.testng.SuiteRunnerWorker.run(SuiteRunnerWorker.java:96)
at org.testng.TestNG.runSuitesSequentially(TestNG.java:1212)
at org.testng.TestNG.runSuitesLocally(TestNG.java:1134)
at org.testng.TestNG.runSuites(TestNG.java:1063)
at org.testng.TestNG.run(TestNG.java:1031)
at com.intellij.rt.testng.IDEARemoteTestNG.run(IDEARemoteTestNG.java:66)
at com.intellij.rt.testng.RemoteTestNGStarter.main(RemoteTestNGStarter.java:109)
]]>
            </full-stacktrace>
          </exception> <!-- java.lang.NullPointerException -->
          <reporter-output>
          </reporter-output>
        </test-method> <!-- save_without_hcc_comments_on_medical_chart -->
        <test-method signature="save_with_hcc_comments_on_medical_chart()[pri:6, instance:Tests.ProjectBREMedicalChartDocumentTest1@7fc2413d]" started-at="2022-01-28T09:32:51 GMT" name="save_with_hcc_comments_on_medical_chart" finished-at="2022-01-28T09:33:03 GMT" duration-ms="11859" status="FAIL">
          <exception class="java.lang.NullPointerException">
            <message>
              <![CDATA[Cannot invoke "com.relevantcodes.extentreports.ExtentTest.log(com.relevantcodes.extentreports.LogStatus, java.lang.Throwable)" because "Tests.ProjectBREMedicalChartDocumentTest1.test" is null]]>
            </message>
            <full-stacktrace>
              <![CDATA[java.lang.NullPointerException: Cannot invoke "com.relevantcodes.extentreports.ExtentTest.log(com.relevantcodes.extentreports.LogStatus, java.lang.Throwable)" because "Tests.ProjectBREMedicalChartDocumentTest1.test" is null
at Tests.ProjectBREMedicalChartDocumentTest1.save_with_hcc_comments_on_medical_chart(ProjectBREMedicalChartDocumentTest1.java:226)
at java.base/jdk.internal.reflect.NativeMethodAccessorImpl.invoke0(Native Method)
at java.base/jdk.internal.reflect.NativeMethodAccessorImpl.invoke(NativeMethodAccessorImpl.java:77)
at java.base/jdk.internal.reflect.DelegatingMethodAccessorImpl.invoke(DelegatingMethodAccessorImpl.java:43)
at java.base/java.lang.reflect.Method.invoke(Method.java:568)
at org.testng.internal.MethodInvocationHelper.invokeMethod(MethodInvocationHelper.java:133)
at org.testng.internal.TestInvoker.invokeMethod(TestInvoker.java:598)
at org.testng.internal.TestInvoker.invokeTestMethod(TestInvoker.java:173)
at org.testng.internal.MethodRunner.runInSequence(MethodRunner.java:46)
at org.testng.internal.TestInvoker$MethodInvocationAgent.invoke(TestInvoker.java:824)
at org.testng.internal.TestInvoker.invokeTestMethods(TestInvoker.java:146)
at org.testng.internal.TestMethodWorker.invokeTestMethods(TestMethodWorker.java:146)
at org.testng.internal.TestMethodWorker.run(TestMethodWorker.java:128)
at java.base/java.util.ArrayList.forEach(ArrayList.java:1511)
at org.testng.TestRunner.privateRun(TestRunner.java:794)
at org.testng.TestRunner.run(TestRunner.java:596)
at org.testng.SuiteRunner.runTest(SuiteRunner.java:377)
at org.testng.SuiteRunner.runSequentially(SuiteRunner.java:371)
at org.testng.SuiteRunner.privateRun(SuiteRunner.java:332)
at org.testng.SuiteRunner.run(SuiteRunner.java:276)
at org.testng.SuiteRunnerWorker.runSuite(SuiteRunnerWorker.java:53)
at org.testng.SuiteRunnerWorker.run(SuiteRunnerWorker.java:96)
at org.testng.TestNG.runSuitesSequentially(TestNG.java:1212)
at org.testng.TestNG.runSuitesLocally(TestNG.java:1134)
at org.testng.TestNG.runSuites(TestNG.java:1063)
at org.testng.TestNG.run(TestNG.java:1031)
at com.intellij.rt.testng.IDEARemoteTestNG.run(IDEARemoteTestNG.java:66)
at com.intellij.rt.testng.RemoteTestNGStarter.main(RemoteTestNGStarter.java:109)
]]>
            </full-stacktrace>
          </exception> <!-- java.lang.NullPointerException -->
          <reporter-output>
          </reporter-output>
        </test-method> <!-- save_with_hcc_comments_on_medical_chart -->
        <test-method is-config="true" signature="cleanUp()[pri:0, instance:Tests.ProjectBREMedicalChartDocumentTest1@7fc2413d]" started-at="2022-01-28T09:33:03 GMT" name="cleanUp" finished-at="2022-01-28T09:33:03 GMT" duration-ms="282" status="PASS">
          <reporter-output>
          </reporter-output>
        </test-method> <!-- cleanUp -->
      </class> <!-- Tests.ProjectBREMedicalChartDocumentTest1 -->
      <class name="Tests.LoginTest">
        <test-method is-config="true" signature="login()[pri:0, instance:Tests.LoginTest@6a01e23]" started-at="2022-01-28T09:24:15 GMT" name="login" finished-at="2022-01-28T09:24:16 GMT" duration-ms="978" status="PASS">
          <reporter-output>
          </reporter-output>
        </test-method> <!-- login -->
        <test-method signature="LoginTestFlow()[pri:0, instance:Tests.LoginTest@6a01e23]" started-at="2022-01-28T09:24:16 GMT" name="LoginTestFlow" finished-at="2022-01-28T09:28:22 GMT" duration-ms="245807" status="PASS">
          <reporter-output>
          </reporter-output>
        </test-method> <!-- LoginTestFlow -->
        <test-method is-config="true" signature="cleanUp()[pri:0, instance:Tests.LoginTest@6a01e23]" started-at="2022-01-28T09:28:22 GMT" name="cleanUp" finished-at="2022-01-28T09:28:22 GMT" duration-ms="453" status="PASS">
          <reporter-output>
          </reporter-output>
        </test-method> <!-- cleanUp -->
      </class> <!-- Tests.LoginTest -->
      <class name="Tests.ForgetPwdTest">
        <test-method is-config="true" signature="login()[pri:0, instance:Tests.ForgetPwdTest@22635ba0]" started-at="2022-01-28T09:20:57 GMT" name="login" finished-at="2022-01-28T09:20:57 GMT" duration-ms="912" status="PASS">
          <reporter-output>
          </reporter-output>
        </test-method> <!-- login -->
        <test-method signature="click_on_cancel_button_on_forgot_password()[pri:1, instance:Tests.ForgetPwdTest@22635ba0]" started-at="2022-01-28T09:20:57 GMT" name="click_on_cancel_button_on_forgot_password" finished-at="2022-01-28T09:21:12 GMT" duration-ms="14471" status="FAIL">
          <exception class="java.lang.NullPointerException">
            <message>
              <![CDATA[Cannot invoke "com.relevantcodes.extentreports.ExtentTest.log(com.relevantcodes.extentreports.LogStatus, java.lang.Throwable)" because "Tests.ForgetPwdTest.test" is null]]>
            </message>
            <full-stacktrace>
              <![CDATA[java.lang.NullPointerException: Cannot invoke "com.relevantcodes.extentreports.ExtentTest.log(com.relevantcodes.extentreports.LogStatus, java.lang.Throwable)" because "Tests.ForgetPwdTest.test" is null
at Tests.ForgetPwdTest.click_on_cancel_button_on_forgot_password(ForgetPwdTest.java:81)
at java.base/jdk.internal.reflect.NativeMethodAccessorImpl.invoke0(Native Method)
at java.base/jdk.internal.reflect.NativeMethodAccessorImpl.invoke(NativeMethodAccessorImpl.java:77)
at java.base/jdk.internal.reflect.DelegatingMethodAccessorImpl.invoke(DelegatingMethodAccessorImpl.java:43)
at java.base/java.lang.reflect.Method.invoke(Method.java:568)
at org.testng.internal.MethodInvocationHelper.invokeMethod(MethodInvocationHelper.java:133)
at org.testng.internal.TestInvoker.invokeMethod(TestInvoker.java:598)
at org.testng.internal.TestInvoker.invokeTestMethod(TestInvoker.java:173)
at org.testng.internal.MethodRunner.runInSequence(MethodRunner.java:46)
at org.testng.internal.TestInvoker$MethodInvocationAgent.invoke(TestInvoker.java:824)
at org.testng.internal.TestInvoker.invokeTestMethods(TestInvoker.java:146)
at org.testng.internal.TestMethodWorker.invokeTestMethods(TestMethodWorker.java:146)
at org.testng.internal.TestMethodWorker.run(TestMethodWorker.java:128)
at java.base/java.util.ArrayList.forEach(ArrayList.java:1511)
at org.testng.TestRunner.privateRun(TestRunner.java:794)
at org.testng.TestRunner.run(TestRunner.java:596)
at org.testng.SuiteRunner.runTest(SuiteRunner.java:377)
at org.testng.SuiteRunner.runSequentially(SuiteRunner.java:371)
at org.testng.SuiteRunner.privateRun(SuiteRunner.java:332)
at org.testng.SuiteRunner.run(SuiteRunner.java:276)
at org.testng.SuiteRunnerWorker.runSuite(SuiteRunnerWorker.java:53)
at org.testng.SuiteRunnerWorker.run(SuiteRunnerWorker.java:96)
at org.testng.TestNG.runSuitesSequentially(TestNG.java:1212)
at org.testng.TestNG.runSuitesLocally(TestNG.java:1134)
at org.testng.TestNG.runSuites(TestNG.java:1063)
at org.testng.TestNG.run(TestNG.java:1031)
at com.intellij.rt.testng.IDEARemoteTestNG.run(IDEARemoteTestNG.java:66)
at com.intellij.rt.testng.RemoteTestNGStarter.main(RemoteTestNGStarter.java:109)
]]>
            </full-stacktrace>
          </exception> <!-- java.lang.NullPointerException -->
          <reporter-output>
          </reporter-output>
        </test-method> <!-- click_on_cancel_button_on_forgot_password -->
        <test-method is-config="true" signature="cleanUp()[pri:0, instance:Tests.ForgetPwdTest@22635ba0]" started-at="2022-01-28T09:21:12 GMT" name="cleanUp" finished-at="2022-01-28T09:21:13 GMT" duration-ms="231" status="PASS">
          <reporter-output>
          </reporter-output>
        </test-method> <!-- cleanUp -->
      </class> <!-- Tests.ForgetPwdTest -->
      <class name="Tests.ProjectFlowStructuredTest1">
        <test-method is-config="true" signature="login()[pri:0, instance:Tests.ProjectFlowStructuredTest1@1e730495]" started-at="2022-01-28T09:38:15 GMT" name="login" finished-at="2022-01-28T09:38:27 GMT" duration-ms="12013" status="PASS">
          <reporter-output>
          </reporter-output>
        </test-method> <!-- login -->
        <test-method signature="disable_active_project_on_Project_page()[pri:1, instance:Tests.ProjectFlowStructuredTest1@1e730495]" started-at="2022-01-28T09:38:27 GMT" name="disable_active_project_on_Project_page" finished-at="2022-01-28T09:38:30 GMT" duration-ms="2501" status="FAIL">
          <exception class="java.lang.NullPointerException">
            <message>
              <![CDATA[Cannot invoke "com.relevantcodes.extentreports.ExtentTest.log(com.relevantcodes.extentreports.LogStatus, java.lang.Throwable)" because "Tests.ProjectFlowStructuredTest1.test" is null]]>
            </message>
            <full-stacktrace>
              <![CDATA[java.lang.NullPointerException: Cannot invoke "com.relevantcodes.extentreports.ExtentTest.log(com.relevantcodes.extentreports.LogStatus, java.lang.Throwable)" because "Tests.ProjectFlowStructuredTest1.test" is null
at Tests.ProjectFlowStructuredTest1.disable_active_project_on_Project_page(ProjectFlowStructuredTest1.java:50)
at java.base/jdk.internal.reflect.NativeMethodAccessorImpl.invoke0(Native Method)
at java.base/jdk.internal.reflect.NativeMethodAccessorImpl.invoke(NativeMethodAccessorImpl.java:77)
at java.base/jdk.internal.reflect.DelegatingMethodAccessorImpl.invoke(DelegatingMethodAccessorImpl.java:43)
at java.base/java.lang.reflect.Method.invoke(Method.java:568)
at org.testng.internal.MethodInvocationHelper.invokeMethod(MethodInvocationHelper.java:133)
at org.testng.internal.TestInvoker.invokeMethod(TestInvoker.java:598)
at org.testng.internal.TestInvoker.invokeTestMethod(TestInvoker.java:173)
at org.testng.internal.MethodRunner.runInSequence(MethodRunner.java:46)
at org.testng.internal.TestInvoker$MethodInvocationAgent.invoke(TestInvoker.java:824)
at org.testng.internal.TestInvoker.invokeTestMethods(TestInvoker.java:146)
at org.testng.internal.TestMethodWorker.invokeTestMethods(TestMethodWorker.java:146)
at org.testng.internal.TestMethodWorker.run(TestMethodWorker.java:128)
at java.base/java.util.ArrayList.forEach(ArrayList.java:1511)
at org.testng.TestRunner.privateRun(TestRunner.java:794)
at org.testng.TestRunner.run(TestRunner.java:596)
at org.testng.SuiteRunner.runTest(SuiteRunner.java:377)
at org.testng.SuiteRunner.runSequentially(SuiteRunner.java:371)
at org.testng.SuiteRunner.privateRun(SuiteRunner.java:332)
at org.testng.SuiteRunner.run(SuiteRunner.java:276)
at org.testng.SuiteRunnerWorker.runSuite(SuiteRunnerWorker.java:53)
at org.testng.SuiteRunnerWorker.run(SuiteRunnerWorker.java:96)
at org.testng.TestNG.runSuitesSequentially(TestNG.java:1212)
at org.testng.TestNG.runSuitesLocally(TestNG.java:1134)
at org.testng.TestNG.runSuites(TestNG.java:1063)
at org.testng.TestNG.run(TestNG.java:1031)
at com.intellij.rt.testng.IDEARemoteTestNG.run(IDEARemoteTestNG.java:66)
at com.intellij.rt.testng.RemoteTestNGStarter.main(RemoteTestNGStarter.java:109)
]]>
            </full-stacktrace>
          </exception> <!-- java.lang.NullPointerException -->
          <reporter-output>
          </reporter-output>
        </test-method> <!-- disable_active_project_on_Project_page -->
        <test-method signature="verify_disabled_project_on_Project_page()[pri:2, instance:Tests.ProjectFlowStructuredTest1@1e730495]" started-at="2022-01-28T09:38:30 GMT" name="verify_disabled_project_on_Project_page" finished-at="2022-01-28T09:38:38 GMT" duration-ms="8548" status="FAIL">
          <exception class="java.lang.NullPointerException">
            <message>
              <![CDATA[Cannot invoke "com.relevantcodes.extentreports.ExtentTest.log(com.relevantcodes.extentreports.LogStatus, java.lang.Throwable)" because "Tests.ProjectFlowStructuredTest1.test" is null]]>
            </message>
            <full-stacktrace>
              <![CDATA[java.lang.NullPointerException: Cannot invoke "com.relevantcodes.extentreports.ExtentTest.log(com.relevantcodes.extentreports.LogStatus, java.lang.Throwable)" because "Tests.ProjectFlowStructuredTest1.test" is null
at Tests.ProjectFlowStructuredTest1.verify_disabled_project_on_Project_page(ProjectFlowStructuredTest1.java:78)
at java.base/jdk.internal.reflect.NativeMethodAccessorImpl.invoke0(Native Method)
at java.base/jdk.internal.reflect.NativeMethodAccessorImpl.invoke(NativeMethodAccessorImpl.java:77)
at java.base/jdk.internal.reflect.DelegatingMethodAccessorImpl.invoke(DelegatingMethodAccessorImpl.java:43)
at java.base/java.lang.reflect.Method.invoke(Method.java:568)
at org.testng.internal.MethodInvocationHelper.invokeMethod(MethodInvocationHelper.java:133)
at org.testng.internal.TestInvoker.invokeMethod(TestInvoker.java:598)
at org.testng.internal.TestInvoker.invokeTestMethod(TestInvoker.java:173)
at org.testng.internal.MethodRunner.runInSequence(MethodRunner.java:46)
at org.testng.internal.TestInvoker$MethodInvocationAgent.invoke(TestInvoker.java:824)
at org.testng.internal.TestInvoker.invokeTestMethods(TestInvoker.java:146)
at org.testng.internal.TestMethodWorker.invokeTestMethods(TestMethodWorker.java:146)
at org.testng.internal.TestMethodWorker.run(TestMethodWorker.java:128)
at java.base/java.util.ArrayList.forEach(ArrayList.java:1511)
at org.testng.TestRunner.privateRun(TestRunner.java:794)
at org.testng.TestRunner.run(TestRunner.java:596)
at org.testng.SuiteRunner.runTest(SuiteRunner.java:377)
at org.testng.SuiteRunner.runSequentially(SuiteRunner.java:371)
at org.testng.SuiteRunner.privateRun(SuiteRunner.java:332)
at org.testng.SuiteRunner.run(SuiteRunner.java:276)
at org.testng.SuiteRunnerWorker.runSuite(SuiteRunnerWorker.java:53)
at org.testng.SuiteRunnerWorker.run(SuiteRunnerWorker.java:96)
at org.testng.TestNG.runSuitesSequentially(TestNG.java:1212)
at org.testng.TestNG.runSuitesLocally(TestNG.java:1134)
at org.testng.TestNG.runSuites(TestNG.java:1063)
at org.testng.TestNG.run(TestNG.java:1031)
at com.intellij.rt.testng.IDEARemoteTestNG.run(IDEARemoteTestNG.java:66)
at com.intellij.rt.testng.RemoteTestNGStarter.main(RemoteTestNGStarter.java:109)
]]>
            </full-stacktrace>
          </exception> <!-- java.lang.NullPointerException -->
          <reporter-output>
          </reporter-output>
        </test-method> <!-- verify_disabled_project_on_Project_page -->
        <test-method is-config="true" signature="cleanUp()[pri:0, instance:Tests.ProjectFlowStructuredTest1@1e730495]" started-at="2022-01-28T09:38:39 GMT" name="cleanUp" finished-at="2022-01-28T09:38:39 GMT" duration-ms="226" status="PASS">
          <reporter-output>
          </reporter-output>
        </test-method> <!-- cleanUp -->
      </class> <!-- Tests.ProjectFlowStructuredTest1 -->
      <class name="Tests.UpdateProjectTest">
        <test-method is-config="true" signature="login()[pri:0, instance:Tests.UpdateProjectTest@60704c]" started-at="2022-01-28T09:39:37 GMT" name="login" finished-at="2022-01-28T09:39:49 GMT" duration-ms="11992" status="PASS">
          <reporter-output>
          </reporter-output>
        </test-method> <!-- login -->
        <test-method signature="UpdateProjectFlow()[pri:0, instance:Tests.UpdateProjectTest@60704c]" started-at="2022-01-28T09:39:49 GMT" name="UpdateProjectFlow" finished-at="2022-01-28T09:41:19 GMT" duration-ms="90438" status="FAIL">
          <exception class="java.lang.NullPointerException">
            <message>
              <![CDATA[Cannot invoke "com.relevantcodes.extentreports.ExtentTest.log(com.relevantcodes.extentreports.LogStatus, java.lang.Throwable)" because "Tests.UpdateProjectTest.test" is null]]>
            </message>
            <full-stacktrace>
              <![CDATA[java.lang.NullPointerException: Cannot invoke "com.relevantcodes.extentreports.ExtentTest.log(com.relevantcodes.extentreports.LogStatus, java.lang.Throwable)" because "Tests.UpdateProjectTest.test" is null
at Tests.UpdateProjectTest.UpdateProjectFlow(UpdateProjectTest.java:420)
at java.base/jdk.internal.reflect.NativeMethodAccessorImpl.invoke0(Native Method)
at java.base/jdk.internal.reflect.NativeMethodAccessorImpl.invoke(NativeMethodAccessorImpl.java:77)
at java.base/jdk.internal.reflect.DelegatingMethodAccessorImpl.invoke(DelegatingMethodAccessorImpl.java:43)
at java.base/java.lang.reflect.Method.invoke(Method.java:568)
at org.testng.internal.MethodInvocationHelper.invokeMethod(MethodInvocationHelper.java:133)
at org.testng.internal.TestInvoker.invokeMethod(TestInvoker.java:598)
at org.testng.internal.TestInvoker.invokeTestMethod(TestInvoker.java:173)
at org.testng.internal.MethodRunner.runInSequence(MethodRunner.java:46)
at org.testng.internal.TestInvoker$MethodInvocationAgent.invoke(TestInvoker.java:824)
at org.testng.internal.TestInvoker.invokeTestMethods(TestInvoker.java:146)
at org.testng.internal.TestMethodWorker.invokeTestMethods(TestMethodWorker.java:146)
at org.testng.internal.TestMethodWorker.run(TestMethodWorker.java:128)
at java.base/java.util.ArrayList.forEach(ArrayList.java:1511)
at org.testng.TestRunner.privateRun(TestRunner.java:794)
at org.testng.TestRunner.run(TestRunner.java:596)
at org.testng.SuiteRunner.runTest(SuiteRunner.java:377)
at org.testng.SuiteRunner.runSequentially(SuiteRunner.java:371)
at org.testng.SuiteRunner.privateRun(SuiteRunner.java:332)
at org.testng.SuiteRunner.run(SuiteRunner.java:276)
at org.testng.SuiteRunnerWorker.runSuite(SuiteRunnerWorker.java:53)
at org.testng.SuiteRunnerWorker.run(SuiteRunnerWorker.java:96)
at org.testng.TestNG.runSuitesSequentially(TestNG.java:1212)
at org.testng.TestNG.runSuitesLocally(TestNG.java:1134)
at org.testng.TestNG.runSuites(TestNG.java:1063)
at org.testng.TestNG.run(TestNG.java:1031)
at com.intellij.rt.testng.IDEARemoteTestNG.run(IDEARemoteTestNG.java:66)
at com.intellij.rt.testng.RemoteTestNGStarter.main(RemoteTestNGStarter.java:109)
]]>
            </full-stacktrace>
          </exception> <!-- java.lang.NullPointerException -->
          <reporter-output>
          </reporter-output>
        </test-method> <!-- UpdateProjectFlow -->
        <test-method is-config="true" signature="cleanUp()[pri:0, instance:Tests.UpdateProjectTest@60704c]" started-at="2022-01-28T09:41:19 GMT" name="cleanUp" finished-at="2022-01-28T09:41:19 GMT" duration-ms="265" status="PASS">
          <reporter-output>
          </reporter-output>
        </test-method> <!-- cleanUp -->
      </class> <!-- Tests.UpdateProjectTest -->
      <class name="Tests.ProjectFlowSemiStructureTest">
        <test-method is-config="true" signature="login()[pri:0, instance:Tests.ProjectFlowSemiStructureTest@23986957]" started-at="2022-01-28T09:37:51 GMT" name="login" finished-at="2022-01-28T09:38:03 GMT" duration-ms="11950" status="PASS">
          <reporter-output>
          </reporter-output>
        </test-method> <!-- login -->
        <test-method signature="ProjectFlowSemiStructure()[pri:0, instance:Tests.ProjectFlowSemiStructureTest@23986957]" started-at="2022-01-28T09:38:03 GMT" name="ProjectFlowSemiStructure" finished-at="2022-01-28T09:38:03 GMT" duration-ms="0" status="FAIL">
          <exception class="java.lang.NullPointerException">
            <message>
              <![CDATA[Cannot invoke "com.relevantcodes.extentreports.ExtentTest.log(com.relevantcodes.extentreports.LogStatus, java.lang.Throwable)" because "Tests.ProjectFlowSemiStructureTest.test" is null]]>
            </message>
            <full-stacktrace>
              <![CDATA[java.lang.NullPointerException: Cannot invoke "com.relevantcodes.extentreports.ExtentTest.log(com.relevantcodes.extentreports.LogStatus, java.lang.Throwable)" because "Tests.ProjectFlowSemiStructureTest.test" is null
at Tests.ProjectFlowSemiStructureTest.ProjectFlowSemiStructure(ProjectFlowSemiStructureTest.java:113)
at java.base/jdk.internal.reflect.NativeMethodAccessorImpl.invoke0(Native Method)
at java.base/jdk.internal.reflect.NativeMethodAccessorImpl.invoke(NativeMethodAccessorImpl.java:77)
at java.base/jdk.internal.reflect.DelegatingMethodAccessorImpl.invoke(DelegatingMethodAccessorImpl.java:43)
at java.base/java.lang.reflect.Method.invoke(Method.java:568)
at org.testng.internal.MethodInvocationHelper.invokeMethod(MethodInvocationHelper.java:133)
at org.testng.internal.TestInvoker.invokeMethod(TestInvoker.java:598)
at org.testng.internal.TestInvoker.invokeTestMethod(TestInvoker.java:173)
at org.testng.internal.MethodRunner.runInSequence(MethodRunner.java:46)
at org.testng.internal.TestInvoker$MethodInvocationAgent.invoke(TestInvoker.java:824)
at org.testng.internal.TestInvoker.invokeTestMethods(TestInvoker.java:146)
at org.testng.internal.TestMethodWorker.invokeTestMethods(TestMethodWorker.java:146)
at org.testng.internal.TestMethodWorker.run(TestMethodWorker.java:128)
at java.base/java.util.ArrayList.forEach(ArrayList.java:1511)
at org.testng.TestRunner.privateRun(TestRunner.java:794)
at org.testng.TestRunner.run(TestRunner.java:596)
at org.testng.SuiteRunner.runTest(SuiteRunner.java:377)
at org.testng.SuiteRunner.runSequentially(SuiteRunner.java:371)
at org.testng.SuiteRunner.privateRun(SuiteRunner.java:332)
at org.testng.SuiteRunner.run(SuiteRunner.java:276)
at org.testng.SuiteRunnerWorker.runSuite(SuiteRunnerWorker.java:53)
at org.testng.SuiteRunnerWorker.run(SuiteRunnerWorker.java:96)
at org.testng.TestNG.runSuitesSequentially(TestNG.java:1212)
at org.testng.TestNG.runSuitesLocally(TestNG.java:1134)
at org.testng.TestNG.runSuites(TestNG.java:1063)
at org.testng.TestNG.run(TestNG.java:1031)
at com.intellij.rt.testng.IDEARemoteTestNG.run(IDEARemoteTestNG.java:66)
at com.intellij.rt.testng.RemoteTestNGStarter.main(RemoteTestNGStarter.java:109)
]]>
            </full-stacktrace>
          </exception> <!-- java.lang.NullPointerException -->
          <reporter-output>
          </reporter-output>
        </test-method> <!-- ProjectFlowSemiStructure -->
        <test-method is-config="true" signature="cleanUp()[pri:0, instance:Tests.ProjectFlowSemiStructureTest@23986957]" started-at="2022-01-28T09:38:03 GMT" name="cleanUp" finished-at="2022-01-28T09:38:03 GMT" duration-ms="235" status="PASS">
          <reporter-output>
          </reporter-output>
        </test-method> <!-- cleanUp -->
      </class> <!-- Tests.ProjectFlowSemiStructureTest -->
      <class name="Tests.EditProfileTest">
        <test-method is-config="true" signature="login()[pri:0, instance:Tests.EditProfileTest@1df82230]" started-at="2022-01-28T09:20:10 GMT" name="login" finished-at="2022-01-28T09:20:10 GMT" duration-ms="839" status="PASS">
          <reporter-output>
          </reporter-output>
        </test-method> <!-- login -->
        <test-method signature="EditProfileFlow()[pri:0, instance:Tests.EditProfileTest@1df82230]" started-at="2022-01-28T09:20:10 GMT" name="EditProfileFlow" finished-at="2022-01-28T09:20:56 GMT" duration-ms="45861" status="PASS">
          <reporter-output>
          </reporter-output>
        </test-method> <!-- EditProfileFlow -->
        <test-method is-config="true" signature="cleanUp()[pri:0, instance:Tests.EditProfileTest@1df82230]" started-at="2022-01-28T09:20:56 GMT" name="cleanUp" finished-at="2022-01-28T09:20:57 GMT" duration-ms="234" status="PASS">
          <reporter-output>
          </reporter-output>
        </test-method> <!-- cleanUp -->
      </class> <!-- Tests.EditProfileTest -->
      <class name="Tests.ProjectBREMedicalChartTest">
        <test-method is-config="true" signature="login()[pri:0, instance:Tests.ProjectBREMedicalChartTest@f8c1ddd]" started-at="2022-01-28T09:33:03 GMT" name="login" finished-at="2022-01-28T09:33:16 GMT" duration-ms="12824" status="PASS">
          <reporter-output>
          </reporter-output>
        </test-method> <!-- login -->
        <test-method signature="ProjectBREMedicalChartFlow()[pri:0, instance:Tests.ProjectBREMedicalChartTest@f8c1ddd]" started-at="2022-01-28T09:33:16 GMT" name="ProjectBREMedicalChartFlow" finished-at="2022-01-28T09:34:13 GMT" duration-ms="57111" status="FAIL">
          <exception class="java.lang.NullPointerException">
            <message>
              <![CDATA[Cannot invoke "com.relevantcodes.extentreports.ExtentTest.log(com.relevantcodes.extentreports.LogStatus, java.lang.Throwable)" because "Tests.ProjectBREMedicalChartTest.test" is null]]>
            </message>
            <full-stacktrace>
              <![CDATA[java.lang.NullPointerException: Cannot invoke "com.relevantcodes.extentreports.ExtentTest.log(com.relevantcodes.extentreports.LogStatus, java.lang.Throwable)" because "Tests.ProjectBREMedicalChartTest.test" is null
at Tests.ProjectBREMedicalChartTest.ProjectBREMedicalChartFlow(ProjectBREMedicalChartTest.java:235)
at java.base/jdk.internal.reflect.NativeMethodAccessorImpl.invoke0(Native Method)
at java.base/jdk.internal.reflect.NativeMethodAccessorImpl.invoke(NativeMethodAccessorImpl.java:77)
at java.base/jdk.internal.reflect.DelegatingMethodAccessorImpl.invoke(DelegatingMethodAccessorImpl.java:43)
at java.base/java.lang.reflect.Method.invoke(Method.java:568)
at org.testng.internal.MethodInvocationHelper.invokeMethod(MethodInvocationHelper.java:133)
at org.testng.internal.TestInvoker.invokeMethod(TestInvoker.java:598)
at org.testng.internal.TestInvoker.invokeTestMethod(TestInvoker.java:173)
at org.testng.internal.MethodRunner.runInSequence(MethodRunner.java:46)
at org.testng.internal.TestInvoker$MethodInvocationAgent.invoke(TestInvoker.java:824)
at org.testng.internal.TestInvoker.invokeTestMethods(TestInvoker.java:146)
at org.testng.internal.TestMethodWorker.invokeTestMethods(TestMethodWorker.java:146)
at org.testng.internal.TestMethodWorker.run(TestMethodWorker.java:128)
at java.base/java.util.ArrayList.forEach(ArrayList.java:1511)
at org.testng.TestRunner.privateRun(TestRunner.java:794)
at org.testng.TestRunner.run(TestRunner.java:596)
at org.testng.SuiteRunner.runTest(SuiteRunner.java:377)
at org.testng.SuiteRunner.runSequentially(SuiteRunner.java:371)
at org.testng.SuiteRunner.privateRun(SuiteRunner.java:332)
at org.testng.SuiteRunner.run(SuiteRunner.java:276)
at org.testng.SuiteRunnerWorker.runSuite(SuiteRunnerWorker.java:53)
at org.testng.SuiteRunnerWorker.run(SuiteRunnerWorker.java:96)
at org.testng.TestNG.runSuitesSequentially(TestNG.java:1212)
at org.testng.TestNG.runSuitesLocally(TestNG.java:1134)
at org.testng.TestNG.runSuites(TestNG.java:1063)
at org.testng.TestNG.run(TestNG.java:1031)
at com.intellij.rt.testng.IDEARemoteTestNG.run(IDEARemoteTestNG.java:66)
at com.intellij.rt.testng.RemoteTestNGStarter.main(RemoteTestNGStarter.java:109)
]]>
            </full-stacktrace>
          </exception> <!-- java.lang.NullPointerException -->
          <reporter-output>
          </reporter-output>
        </test-method> <!-- ProjectBREMedicalChartFlow -->
        <test-method is-config="true" signature="cleanUp()[pri:0, instance:Tests.ProjectBREMedicalChartTest@f8c1ddd]" started-at="2022-01-28T09:34:13 GMT" name="cleanUp" finished-at="2022-01-28T09:34:13 GMT" duration-ms="234" status="PASS">
          <reporter-output>
          </reporter-output>
        </test-method> <!-- cleanUp -->
      </class> <!-- Tests.ProjectBREMedicalChartTest -->
      <class name="Tests.CreateUserPlatformAdminTest">
        <test-method is-config="true" signature="login()[pri:0, instance:Tests.CreateUserPlatformAdminTest@78b729e6]" started-at="2022-01-28T09:08:10 GMT" name="login" finished-at="2022-01-28T09:08:23 GMT" duration-ms="12623" status="PASS">
          <reporter-output>
          </reporter-output>
        </test-method> <!-- login -->
        <test-method signature="blank_username_blank_password()[pri:1, instance:Tests.CreateUserPlatformAdminTest@78b729e6]" started-at="2022-01-28T09:08:23 GMT" name="blank_username_blank_password" finished-at="2022-01-28T09:08:37 GMT" duration-ms="14566" status="PASS">
          <reporter-output>
          </reporter-output>
        </test-method> <!-- blank_username_blank_password -->
        <test-method signature="valid_username_blank_password()[pri:2, instance:Tests.CreateUserPlatformAdminTest@78b729e6]" started-at="2022-01-28T09:08:37 GMT" name="valid_username_blank_password" finished-at="2022-01-28T09:08:48 GMT" duration-ms="10628" status="PASS">
          <reporter-output>
          </reporter-output>
        </test-method> <!-- valid_username_blank_password -->
        <test-method signature="blank_username_valid_password()[pri:3, instance:Tests.CreateUserPlatformAdminTest@78b729e6]" started-at="2022-01-28T09:08:48 GMT" name="blank_username_valid_password" finished-at="2022-01-28T09:08:58 GMT" duration-ms="9746" status="PASS">
          <reporter-output>
          </reporter-output>
        </test-method> <!-- blank_username_valid_password -->
        <test-method signature="invalid_username_blank_password()[pri:4, instance:Tests.CreateUserPlatformAdminTest@78b729e6]" started-at="2022-01-28T09:08:58 GMT" name="invalid_username_blank_password" finished-at="2022-01-28T09:09:07 GMT" duration-ms="9622" status="PASS">
          <reporter-output>
          </reporter-output>
        </test-method> <!-- invalid_username_blank_password -->
        <test-method signature="blank_username_invalid_password()[pri:5, instance:Tests.CreateUserPlatformAdminTest@78b729e6]" started-at="2022-01-28T09:09:07 GMT" name="blank_username_invalid_password" finished-at="2022-01-28T09:09:17 GMT" duration-ms="9721" status="PASS">
          <reporter-output>
          </reporter-output>
        </test-method> <!-- blank_username_invalid_password -->
        <test-method signature="invalid_credentials()[pri:6, instance:Tests.CreateUserPlatformAdminTest@78b729e6]" started-at="2022-01-28T09:09:17 GMT" name="invalid_credentials" finished-at="2022-01-28T09:09:29 GMT" duration-ms="11752" status="PASS">
          <reporter-output>
          </reporter-output>
        </test-method> <!-- invalid_credentials -->
        <test-method signature="create_user_with_existing_username_password()[pri:7, instance:Tests.CreateUserPlatformAdminTest@78b729e6]" started-at="2022-01-28T09:09:29 GMT" name="create_user_with_existing_username_password" finished-at="2022-01-28T09:09:43 GMT" duration-ms="14575" status="PASS">
          <reporter-output>
          </reporter-output>
        </test-method> <!-- create_user_with_existing_username_password -->
        <test-method signature="search_user()[pri:8, instance:Tests.CreateUserPlatformAdminTest@78b729e6]" started-at="2022-01-28T09:09:43 GMT" name="search_user" finished-at="2022-01-28T09:10:07 GMT" duration-ms="24050" status="PASS">
          <reporter-output>
          </reporter-output>
        </test-method> <!-- search_user -->
        <test-method is-config="true" signature="cleanUp()[pri:0, instance:Tests.CreateUserPlatformAdminTest@78b729e6]" started-at="2022-01-28T09:10:07 GMT" name="cleanUp" finished-at="2022-01-28T09:10:08 GMT" duration-ms="313" status="PASS">
          <reporter-output>
          </reporter-output>
        </test-method> <!-- cleanUp -->
      </class> <!-- Tests.CreateUserPlatformAdminTest -->
      <class name="Tests.ManualInterventionDocument">
        <test-method is-config="true" signature="login()[pri:0, instance:Tests.ManualInterventionDocument@5a955565]" started-at="2022-01-28T09:28:22 GMT" name="login" finished-at="2022-01-28T09:28:35 GMT" duration-ms="12606" status="PASS">
          <reporter-output>
          </reporter-output>
        </test-method> <!-- login -->
        <test-method signature="manual_intervention_freeform_rejected_document()[pri:1, instance:Tests.ManualInterventionDocument@5a955565]" started-at="2022-01-28T09:28:35 GMT" name="manual_intervention_freeform_rejected_document" finished-at="2022-01-28T09:28:56 GMT" duration-ms="21840" status="FAIL">
          <exception class="org.openqa.selenium.NoSuchElementException">
            <message>
              <![CDATA[no such element: Unable to locate element: {"method":"xpath","selector":"//span[contains(text(),'Pfizer4.jpg')]"}
  (Session info: chrome=97.0.4692.99)
For documentation on this error, please visit: https://www.seleniumhq.org/exceptions/no_such_element.html
Build info: version: '3.141.59', revision: 'e82be7d358', time: '2018-11-14T08:17:03'
System info: host: 'PELG01', ip: '10.128.0.13', os.name: 'Windows Server 2019', os.arch: 'amd64', os.version: '10.0', java.version: '17.0.1'
Driver info: org.openqa.selenium.chrome.ChromeDriver
Capabilities {acceptInsecureCerts: false, browserName: chrome, browserVersion: 97.0.4692.99, chrome: {chromedriverVersion: 96.0.4664.45 (76e4c1bb2ab46..., userDataDir: C:\Users\KISHOR~1\AppData\L...}, goog:chromeOptions: {debuggerAddress: localhost:49489}, javascriptEnabled: true, networkConnectionEnabled: false, pageLoadStrategy: normal, platform: WINDOWS, platformName: WINDOWS, proxy: Proxy(), setWindowRect: true, strictFileInteractability: false, timeouts: {implicit: 0, pageLoad: 300000, script: 30000}, unhandledPromptBehavior: dismiss and notify, webauthn:extension:credBlob: true, webauthn:extension:largeBlob: true, webauthn:virtualAuthenticators: true}
Session ID: b66a46fa61733c08dbb610fea75095e9
*** Element info: {Using=xpath, value=//span[contains(text(),'Pfizer4.jpg')]}]]>
            </message>
            <full-stacktrace>
              <![CDATA[org.openqa.selenium.NoSuchElementException: no such element: Unable to locate element: {"method":"xpath","selector":"//span[contains(text(),'Pfizer4.jpg')]"}
  (Session info: chrome=97.0.4692.99)
For documentation on this error, please visit: https://www.seleniumhq.org/exceptions/no_such_element.html
Build info: version: '3.141.59', revision: 'e82be7d358', time: '2018-11-14T08:17:03'
System info: host: 'PELG01', ip: '10.128.0.13', os.name: 'Windows Server 2019', os.arch: 'amd64', os.version: '10.0', java.version: '17.0.1'
Driver info: org.openqa.selenium.chrome.ChromeDriver
Capabilities {acceptInsecureCerts: false, browserName: chrome, browserVersion: 97.0.4692.99, chrome: {chromedriverVersion: 96.0.4664.45 (76e4c1bb2ab46..., userDataDir: C:\Users\KISHOR~1\AppData\L...}, goog:chromeOptions: {debuggerAddress: localhost:49489}, javascriptEnabled: true, networkConnectionEnabled: false, pageLoadStrategy: normal, platform: WINDOWS, platformName: WINDOWS, proxy: Proxy(), setWindowRect: true, strictFileInteractability: false, timeouts: {implicit: 0, pageLoad: 300000, script: 30000}, unhandledPromptBehavior: dismiss and notify, webauthn:extension:credBlob: true, webauthn:extension:largeBlob: true, webauthn:virtualAuthenticators: true}
Session ID: b66a46fa61733c08dbb610fea75095e9
*** Element info: {Using=xpath, value=//span[contains(text(),'Pfizer4.jpg')]}
at java.base/jdk.internal.reflect.NativeConstructorAccessorImpl.newInstance0(Native Method)
at java.base/jdk.internal.reflect.NativeConstructorAccessorImpl.newInstance(NativeConstructorAccessorImpl.java:77)
at java.base/jdk.internal.reflect.DelegatingConstructorAccessorImpl.newInstance(DelegatingConstructorAccessorImpl.java:45)
at java.base/java.lang.reflect.Constructor.newInstanceWithCaller(Constructor.java:499)
at java.base/java.lang.reflect.Constructor.newInstance(Constructor.java:480)
at org.openqa.selenium.remote.http.W3CHttpResponseCodec.createException(W3CHttpResponseCodec.java:187)
at org.openqa.selenium.remote.http.W3CHttpResponseCodec.decode(W3CHttpResponseCodec.java:122)
at org.openqa.selenium.remote.http.W3CHttpResponseCodec.decode(W3CHttpResponseCodec.java:49)
at org.openqa.selenium.remote.HttpCommandExecutor.execute(HttpCommandExecutor.java:158)
at org.openqa.selenium.remote.service.DriverCommandExecutor.execute(DriverCommandExecutor.java:83)
at org.openqa.selenium.remote.RemoteWebDriver.execute(RemoteWebDriver.java:552)
at org.openqa.selenium.remote.RemoteWebDriver.findElement(RemoteWebDriver.java:323)
at org.openqa.selenium.remote.RemoteWebDriver.findElementByXPath(RemoteWebDriver.java:428)
at org.openqa.selenium.By$ByXPath.findElement(By.java:353)
at org.openqa.selenium.remote.RemoteWebDriver.findElement(RemoteWebDriver.java:315)
at Pages.DocumentPage.ViewFreeFormRejectedDocument(DocumentPage.java:214)
at Tests.ManualInterventionDocument.manual_intervention_freeform_rejected_document(ManualInterventionDocument.java:44)
at java.base/jdk.internal.reflect.NativeMethodAccessorImpl.invoke0(Native Method)
at java.base/jdk.internal.reflect.NativeMethodAccessorImpl.invoke(NativeMethodAccessorImpl.java:77)
at java.base/jdk.internal.reflect.DelegatingMethodAccessorImpl.invoke(DelegatingMethodAccessorImpl.java:43)
at java.base/java.lang.reflect.Method.invoke(Method.java:568)
at org.testng.internal.MethodInvocationHelper.invokeMethod(MethodInvocationHelper.java:133)
at org.testng.internal.TestInvoker.invokeMethod(TestInvoker.java:598)
at org.testng.internal.TestInvoker.invokeTestMethod(TestInvoker.java:173)
at org.testng.internal.MethodRunner.runInSequence(MethodRunner.java:46)
at org.testng.internal.TestInvoker$MethodInvocationAgent.invoke(TestInvoker.java:824)
at org.testng.internal.TestInvoker.invokeTestMethods(TestInvoker.java:146)
at org.testng.internal.TestMethodWorker.invokeTestMethods(TestMethodWorker.java:146)
at org.testng.internal.TestMethodWorker.run(TestMethodWorker.java:128)
at java.base/java.util.ArrayList.forEach(ArrayList.java:1511)
at org.testng.TestRunner.privateRun(TestRunner.java:794)
at org.testng.TestRunner.run(TestRunner.java:596)
at org.testng.SuiteRunner.runTest(SuiteRunner.java:377)
at org.testng.SuiteRunner.runSequentially(SuiteRunner.java:371)
at org.testng.SuiteRunner.privateRun(SuiteRunner.java:332)
at org.testng.SuiteRunner.run(SuiteRunner.java:276)
at org.testng.SuiteRunnerWorker.runSuite(SuiteRunnerWorker.java:53)
at org.testng.SuiteRunnerWorker.run(SuiteRunnerWorker.java:96)
at org.testng.TestNG.runSuitesSequentially(TestNG.java:1212)
at org.testng.TestNG.runSuitesLocally(TestNG.java:1134)
at org.testng.TestNG.runSuites(TestNG.java:1063)
at org.testng.TestNG.run(TestNG.java:1031)
at com.intellij.rt.testng.IDEARemoteTestNG.run(IDEARemoteTestNG.java:66)
at com.intellij.rt.testng.RemoteTestNGStarter.main(RemoteTestNGStarter.java:109)
]]>
            </full-stacktrace>
          </exception> <!-- org.openqa.selenium.NoSuchElementException -->
          <reporter-output>
          </reporter-output>
        </test-method> <!-- manual_intervention_freeform_rejected_document -->
        <test-method signature="manual_intervention_structured_ready_document()[pri:2, instance:Tests.ManualInterventionDocument@5a955565]" started-at="2022-01-28T09:28:57 GMT" name="manual_intervention_structured_ready_document" finished-at="2022-01-28T09:29:18 GMT" duration-ms="21766" status="FAIL">
          <exception class="org.openqa.selenium.NoSuchElementException">
            <message>
              <![CDATA[no such element: Unable to locate element: {"method":"xpath","selector":"//span[contains(text(),'Pfizer4.jpg')]"}
  (Session info: chrome=97.0.4692.99)
For documentation on this error, please visit: https://www.seleniumhq.org/exceptions/no_such_element.html
[...]
          <reporter-output>
          </reporter-output>
        </test-method> <!-- searchbox_document -->
        <test-method signature="update_document_cancel()[pri:3, instance:Tests.DocProcessSemiStructuredTest@402e37bc]" started-at="2022-01-28T09:17:48 GMT" name="update_document_cancel" finished-at="2022-01-28T09:18:06 GMT" duration-ms="17579" status="PASS">
          <reporter-output>
          </reporter-output>
        </test-method> <!-- update_document_cancel -->
        <test-method signature="hide_unhide_analytics()[pri:4, instance:Tests.DocProcessSemiStructuredTest@402e37bc]" started-at="2022-01-28T09:18:06 GMT" name="hide_unhide_analytics" finished-at="2022-01-28T09:18:12 GMT" duration-ms="6304" status="PASS">
          <reporter-output>
          </reporter-output>
        </test-method> <!-- hide_unhide_analytics -->
        <test-method signature="documents_filter()[pri:5, instance:Tests.DocProcessSemiStructuredTest@402e37bc]" started-at="2022-01-28T09:18:12 GMT" name="documents_filter" finished-at="2022-01-28T09:18:29 GMT" duration-ms="16552" status="PASS">
          <reporter-output>
          </reporter-output>
        </test-method> <!-- documents_filter -->
        <test-method signature="sorting()[pri:6, instance:Tests.DocProcessSemiStructuredTest@402e37bc]" started-at="2022-01-28T09:18:29 GMT" name="sorting" finished-at="2022-01-28T09:19:03 GMT" duration-ms="34478" status="PASS">
          <reporter-output>
          </reporter-output>
        </test-method> <!-- sorting -->
        <test-method signature="items_page()[pri:7, instance:Tests.DocProcessSemiStructuredTest@402e37bc]" started-at="2022-01-28T09:19:03 GMT" name="items_page" finished-at="2022-01-28T09:19:07 GMT" duration-ms="4243" status="PASS">
          <reporter-output>
          </reporter-output>
        </test-method> <!-- items_page -->
        <test-method signature="next_page_previous_page_first_page_last_page()[pri:8, instance:Tests.DocProcessSemiStructuredTest@402e37bc]" started-at="2022-01-28T09:19:07 GMT" name="next_page_previous_page_first_page_last_page" finished-at="2022-01-28T09:19:24 GMT" duration-ms="16647" status="PASS">
          <reporter-output>
          </reporter-output>
        </test-method> <!-- next_page_previous_page_first_page_last_page -->
        <test-method signature="anticlockwise_clockwise_zoomin_zoomout_navigate_right_left()[pri:9, instance:Tests.DocProcessSemiStructuredTest@402e37bc]" started-at="2022-01-28T09:19:24 GMT" name="anticlockwise_clockwise_zoomin_zoomout_navigate_right_left" finished-at="2022-01-28T09:19:56 GMT" duration-ms="31888" status="PASS">
          <reporter-output>
          </reporter-output>
        </test-method> <!-- anticlockwise_clockwise_zoomin_zoomout_navigate_right_left -->
        <test-method is-config="true" signature="cleanUp()[pri:0, instance:Tests.DocProcessSemiStructuredTest@402e37bc]" started-at="2022-01-28T09:19:56 GMT" name="cleanUp" finished-at="2022-01-28T09:19:56 GMT" duration-ms="330" status="PASS">
          <reporter-output>
          </reporter-output>
        </test-method> <!-- cleanUp -->
      </class> <!-- Tests.DocProcessSemiStructuredTest -->
      <class name="Tests.ProjectBREMedicalChartDocumentTest">
        <test-method is-config="true" signature="login()[pri:0, instance:Tests.ProjectBREMedicalChartDocumentTest@7995092a]" started-at="2022-01-28T09:30:25 GMT" name="login" finished-at="2022-01-28T09:30:37 GMT" duration-ms="12040" status="PASS">
          <reporter-output>
          </reporter-output>
        </test-method> <!-- login -->
        <test-method signature="ProjectBREMedicalChartDocumentFlow()[pri:0, instance:Tests.ProjectBREMedicalChartDocumentTest@7995092a]" started-at="2022-01-28T09:30:37 GMT" name="ProjectBREMedicalChartDocumentFlow" finished-at="2022-01-28T09:30:37 GMT" duration-ms="0" status="FAIL">
          <exception class="java.lang.NullPointerException">
            <message>
              <![CDATA[Cannot invoke "com.relevantcodes.extentreports.ExtentTest.log(com.relevantcodes.extentreports.LogStatus, java.lang.Throwable)" because "Tests.ProjectBREMedicalChartDocumentTest.test" is null]]>
            </message>
            <full-stacktrace>
              <![CDATA[java.lang.NullPointerException: Cannot invoke "com.relevantcodes.extentreports.ExtentTest.log(com.relevantcodes.extentreports.LogStatus, java.lang.Throwable)" because "Tests.ProjectBREMedicalChartDocumentTest.test" is null
at Tests.ProjectBREMedicalChartDocumentTest.ProjectBREMedicalChartDocumentFlow(ProjectBREMedicalChartDocumentTest.java:132)
at java.base/jdk.internal.reflect.NativeMethodAccessorImpl.invoke0(Native Method)
at java.base/jdk.internal.reflect.NativeMethodAccessorImpl.invoke(NativeMethodAccessorImpl.java:77)
at java.base/jdk.internal.reflect.DelegatingMethodAccessorImpl.invoke(DelegatingMethodAccessorImpl.java:43)
at java.base/java.lang.reflect.Method.invoke(Method.java:568)
at org.testng.internal.MethodInvocationHelper.invokeMethod(MethodInvocationHelper.java:133)
at org.testng.internal.TestInvoker.invokeMethod(TestInvoker.java:598)
at org.testng.internal.TestInvoker.invokeTestMethod(TestInvoker.java:173)
at org.testng.internal.MethodRunner.runInSequence(MethodRunner.java:46)
at org.testng.internal.TestInvoker$MethodInvocationAgent.invoke(TestInvoker.java:824)
at org.testng.internal.TestInvoker.invokeTestMethods(TestInvoker.java:146)
at org.testng.internal.TestMethodWorker.invokeTestMethods(TestMethodWorker.java:146)
at org.testng.internal.TestMethodWorker.run(TestMethodWorker.java:128)
at java.base/java.util.ArrayList.forEach(ArrayList.java:1511)
at org.testng.TestRunner.privateRun(TestRunner.java:794)
at org.testng.TestRunner.run(TestRunner.java:596)
at org.testng.SuiteRunner.runTest(SuiteRunner.java:377)
at org.testng.SuiteRunner.runSequentially(SuiteRunner.java:371)
at org.testng.SuiteRunner.privateRun(SuiteRunner.java:332)
at org.testng.SuiteRunner.run(SuiteRunner.java:276)
at org.testng.SuiteRunnerWorker.runSuite(SuiteRunnerWorker.java:53)
at org.testng.SuiteRunnerWorker.run(SuiteRunnerWorker.java:96)
at org.testng.TestNG.runSuitesSequentially(TestNG.java:1212)
at org.testng.TestNG.runSuitesLocally(TestNG.java:1134)
at org.testng.TestNG.runSuites(TestNG.java:1063)
at org.testng.TestNG.run(TestNG.java:1031)
at com.intellij.rt.testng.IDEARemoteTestNG.run(IDEARemoteTestNG.java:66)
at com.intellij.rt.testng.RemoteTestNGStarter.main(RemoteTestNGStarter.java:109)
]]>
            </full-stacktrace>
          </exception> <!-- java.lang.NullPointerException -->
          <reporter-output>
          </reporter-output>
        </test-method> <!-- ProjectBREMedicalChartDocumentFlow -->
        <test-method is-config="true" signature="cleanUp()[pri:0, instance:Tests.ProjectBREMedicalChartDocumentTest@7995092a]" started-at="2022-01-28T09:30:37 GMT" name="cleanUp" finished-at="2022-01-28T09:30:37 GMT" duration-ms="257" status="PASS">
          <reporter-output>
          </reporter-output>
        </test-method> <!-- cleanUp -->
      </class> <!-- Tests.ProjectBREMedicalChartDocumentTest -->
      <class name="Tests.UpdateUserAdminTest">
        <test-method is-config="true" signature="login()[pri:0, instance:Tests.UpdateUserAdminTest@6b19b79]" started-at="2022-01-28T09:41:19 GMT" name="login" finished-at="2022-01-28T09:41:20 GMT" duration-ms="968" status="PASS">
          <reporter-output>
          </reporter-output>
        </test-method> <!-- login -->
        <test-method signature="UpdateUserAdminFlow()[pri:0, instance:Tests.UpdateUserAdminTest@6b19b79]" started-at="2022-01-28T09:41:20 GMT" name="UpdateUserAdminFlow" finished-at="2022-01-28T09:41:44 GMT" duration-ms="23933" status="FAIL">
          <exception class="java.lang.NullPointerException">
            <message>
              <![CDATA[Cannot invoke "com.relevantcodes.extentreports.ExtentTest.log(com.relevantcodes.extentreports.LogStatus, java.lang.Throwable)" because "Tests.UpdateUserAdminTest.test" is null]]>
            </message>
            <full-stacktrace>
              <![CDATA[java.lang.NullPointerException: Cannot invoke "com.relevantcodes.extentreports.ExtentTest.log(com.relevantcodes.extentreports.LogStatus, java.lang.Throwable)" because "Tests.UpdateUserAdminTest.test" is null
at Tests.UpdateUserAdminTest.UpdateUserAdminFlow(UpdateUserAdminTest.java:118)
at java.base/jdk.internal.reflect.NativeMethodAccessorImpl.invoke0(Native Method)
at java.base/jdk.internal.reflect.NativeMethodAccessorImpl.invoke(NativeMethodAccessorImpl.java:77)
at java.base/jdk.internal.reflect.DelegatingMethodAccessorImpl.invoke(DelegatingMethodAccessorImpl.java:43)
at java.base/java.lang.reflect.Method.invoke(Method.java:568)
at org.testng.internal.MethodInvocationHelper.invokeMethod(MethodInvocationHelper.java:133)
at org.testng.internal.TestInvoker.invokeMethod(TestInvoker.java:598)
at org.testng.internal.TestInvoker.invokeTestMethod(TestInvoker.java:173)
at org.testng.internal.MethodRunner.runInSequence(MethodRunner.java:46)
at org.testng.internal.TestInvoker$MethodInvocationAgent.invoke(TestInvoker.java:824)
at org.testng.internal.TestInvoker.invokeTestMethods(TestInvoker.java:146)
at org.testng.internal.TestMethodWorker.invokeTestMethods(TestMethodWorker.java:146)
at org.testng.internal.TestMethodWorker.run(TestMethodWorker.java:128)
at java.base/java.util.ArrayList.forEach(ArrayList.java:1511)
at org.testng.TestRunner.privateRun(TestRunner.java:794)
at org.testng.TestRunner.run(TestRunner.java:596)
at org.testng.SuiteRunner.runTest(SuiteRunner.java:377)
at org.testng.SuiteRunner.runSequentially(SuiteRunner.java:371)
at org.testng.SuiteRunner.privateRun(SuiteRunner.java:332)
at org.testng.SuiteRunner.run(SuiteRunner.java:276)
at org.testng.SuiteRunnerWorker.runSuite(SuiteRunnerWorker.java:53)
at org.testng.SuiteRunnerWorker.run(SuiteRunnerWorker.java:96)
at org.testng.TestNG.runSuitesSequentially(TestNG.java:1212)
at org.testng.TestNG.runSuitesLocally(TestNG.java:1134)
at org.testng.TestNG.runSuites(TestNG.java:1063)
at org.testng.TestNG.run(TestNG.java:1031)
at com.intellij.rt.testng.IDEARemoteTestNG.run(IDEARemoteTestNG.java:66)
at com.intellij.rt.testng.RemoteTestNGStarter.main(RemoteTestNGStarter.java:109)
]]>
            </full-stacktrace>
          </exception> <!-- java.lang.NullPointerException -->
          <reporter-output>
          </reporter-output>
        </test-method> <!-- UpdateUserAdminFlow -->
        <test-method is-config="true" signature="cleanUp()[pri:0, instance:Tests.UpdateUserAdminTest@6b19b79]" started-at="2022-01-28T09:41:45 GMT" name="cleanUp" finished-at="2022-01-28T09:41:45 GMT" duration-ms="218" status="PASS">
          <reporter-output>
          </reporter-output>
        </test-method> <!-- cleanUp -->
      </class> <!-- Tests.UpdateUserAdminTest -->
      <class name="Tests.ProjectFlowFreeFormTest">
        <test-method is-config="true" signature="login()[pri:0, instance:Tests.ProjectFlowFreeFormTest@2133814f]" started-at="2022-01-28T09:35:25 GMT" name="login" finished-at="2022-01-28T09:35:37 GMT" duration-ms="12166" status="PASS">
          <reporter-output>
          </reporter-output>
        </test-method> <!-- login -->
        <test-method signature="FreeFormProjectFlow()[pri:0, instance:Tests.ProjectFlowFreeFormTest@2133814f]" started-at="2022-01-28T09:35:37 GMT" name="FreeFormProjectFlow" finished-at="2022-01-28T09:36:39 GMT" duration-ms="62619" status="FAIL">
          <exception class="java.lang.NullPointerException">
            <message>
              <![CDATA[Cannot invoke "com.relevantcodes.extentreports.ExtentTest.log(com.relevantcodes.extentreports.LogStatus, java.lang.Throwable)" because "Tests.ProjectFlowFreeFormTest.test" is null]]>
            </message>
            <full-stacktrace>
              <![CDATA[java.lang.NullPointerException: Cannot invoke "com.relevantcodes.extentreports.ExtentTest.log(com.relevantcodes.extentreports.LogStatus, java.lang.Throwable)" because "Tests.ProjectFlowFreeFormTest.test" is null
at Tests.ProjectFlowFreeFormTest.FreeFormProjectFlow(ProjectFlowFreeFormTest.java:124)
at java.base/jdk.internal.reflect.NativeMethodAccessorImpl.invoke0(Native Method)
at java.base/jdk.internal.reflect.NativeMethodAccessorImpl.invoke(NativeMethodAccessorImpl.java:77)
at java.base/jdk.internal.reflect.DelegatingMethodAccessorImpl.invoke(DelegatingMethodAccessorImpl.java:43)
at java.base/java.lang.reflect.Method.invoke(Method.java:568)
at org.testng.internal.MethodInvocationHelper.invokeMethod(MethodInvocationHelper.java:133)
at org.testng.internal.TestInvoker.invokeMethod(TestInvoker.java:598)
at org.testng.internal.TestInvoker.invokeTestMethod(TestInvoker.java:173)
at org.testng.internal.MethodRunner.runInSequence(MethodRunner.java:46)
at org.testng.internal.TestInvoker$MethodInvocationAgent.invoke(TestInvoker.java:824)
at org.testng.internal.TestInvoker.invokeTestMethods(TestInvoker.java:146)
at org.testng.internal.TestMethodWorker.invokeTestMethods(TestMethodWorker.java:146)
at org.testng.internal.TestMethodWorker.run(TestMethodWorker.java:128)
at java.base/java.util.ArrayList.forEach(ArrayList.java:1511)
at org.testng.TestRunner.privateRun(TestRunner.java:794)
at org.testng.TestRunner.run(TestRunner.java:596)
at org.testng.SuiteRunner.runTest(SuiteRunner.java:377)
at org.testng.SuiteRunner.runSequentially(SuiteRunner.java:371)
at org.testng.SuiteRunner.privateRun(SuiteRunner.java:332)
at org.testng.SuiteRunner.run(SuiteRunner.java:276)
at org.testng.SuiteRunnerWorker.runSuite(SuiteRunnerWorker.java:53)
at org.testng.SuiteRunnerWorker.run(SuiteRunnerWorker.java:96)
at org.testng.TestNG.runSuitesSequentially(TestNG.java:1212)
at org.testng.TestNG.runSuitesLocally(TestNG.java:1134)
at org.testng.TestNG.runSuites(TestNG.java:1063)
at org.testng.TestNG.run(TestNG.java:1031)
at com.intellij.rt.testng.IDEARemoteTestNG.run(IDEARemoteTestNG.java:66)
at com.intellij.rt.testng.RemoteTestNGStarter.main(RemoteTestNGStarter.java:109)
]]>
            </full-stacktrace>
          </exception> <!-- java.lang.NullPointerException -->
          <reporter-output>
          </reporter-output>
        </test-method> <!-- FreeFormProjectFlow -->
        <test-method is-config="true" signature="cleanUp()[pri:0, instance:Tests.ProjectFlowFreeFormTest@2133814f]" started-at="2022-01-28T09:36:39 GMT" name="cleanUp" finished-at="2022-01-28T09:36:40 GMT" duration-ms="250" status="PASS">
          <reporter-output>
          </reporter-output>
        </test-method> <!-- cleanUp -->
      </class> <!-- Tests.ProjectFlowFreeFormTest -->
      <class name="Tests.TemplateTest">
        <test-method is-config="true" signature="login()[pri:0, instance:Tests.TemplateTest@1d082e88]" started-at="2022-01-28T09:38:59 GMT" name="login" finished-at="2022-01-28T09:39:11 GMT" duration-ms="11901" status="PASS">
          <reporter-output>
          </reporter-output>
        </test-method> <!-- login -->
        <test-method signature="create_template_with_invalid_name()[pri:1, instance:Tests.TemplateTest@1d082e88]" started-at="2022-01-28T09:39:11 GMT" name="create_template_with_invalid_name" finished-at="2022-01-28T09:39:29 GMT" duration-ms="17711" status="PASS">
          <reporter-output>
          </reporter-output>
        </test-method> <!-- create_template_with_invalid_name -->
        <test-method signature="create_template_with_valid_name_no_chosen_file()[pri:2, instance:Tests.TemplateTest@1d082e88]" started-at="2022-01-28T09:39:29 GMT" name="create_template_with_valid_name_no_chosen_file" finished-at="2022-01-28T09:39:36 GMT" duration-ms="7312" status="PASS">
          <reporter-output>
          </reporter-output>
        </test-method> <!-- create_template_with_valid_name_no_chosen_file -->
        <test-method is-config="true" signature="cleanUp()[pri:0, instance:Tests.TemplateTest@1d082e88]" started-at="2022-01-28T09:39:36 GMT" name="cleanUp" finished-at="2022-01-28T09:39:37 GMT" duration-ms="236" status="PASS">
          <reporter-output>
          </reporter-output>
        </test-method> <!-- cleanUp -->
      </class> <!-- Tests.TemplateTest -->
      <class name="Tests.ProjectFlowMedicalChart">
        <test-method is-config="true" signature="login()[pri:0, instance:Tests.ProjectFlowMedicalChart@4c15e7fd]" started-at="2022-01-28T09:36:40 GMT" name="login" finished-at="2022-01-28T09:36:52 GMT" duration-ms="11891" status="PASS">
          <reporter-output>
          </reporter-output>
        </test-method> <!-- login -->
        <test-method signature="ProjectFlow()[pri:0, instance:Tests.ProjectFlowMedicalChart@4c15e7fd]" started-at="2022-01-28T09:36:52 GMT" name="ProjectFlow" finished-at="2022-01-28T09:37:50 GMT" duration-ms="58773" status="FAIL">
          <exception class="java.lang.NullPointerException">
            <message>
              <![CDATA[Cannot invoke "com.relevantcodes.extentreports.ExtentTest.log(com.relevantcodes.extentreports.LogStatus, java.lang.Throwable)" because "Tests.ProjectFlowMedicalChart.test" is null]]>
            </message>
            <full-stacktrace>
              <![CDATA[java.lang.NullPointerException: Cannot invoke "com.relevantcodes.extentreports.ExtentTest.log(com.relevantcodes.extentreports.LogStatus, java.lang.Throwable)" because "Tests.ProjectFlowMedicalChart.test" is null
at Tests.ProjectFlowMedicalChart.ProjectFlow(ProjectFlowMedicalChart.java:118)
at java.base/jdk.internal.reflect.NativeMethodAccessorImpl.invoke0(Native Method)
at java.base/jdk.internal.reflect.NativeMethodAccessorImpl.invoke(NativeMethodAccessorImpl.java:77)
at java.base/jdk.internal.reflect.DelegatingMethodAccessorImpl.invoke(DelegatingMethodAccessorImpl.java:43)
at java.base/java.lang.reflect.Method.invoke(Method.java:568)
at org.testng.internal.MethodInvocationHelper.invokeMethod(MethodInvocationHelper.java:133)
at org.testng.internal.TestInvoker.invokeMethod(TestInvoker.java:598)
at org.testng.internal.TestInvoker.invokeTestMethod(TestInvoker.java:173)
at org.testng.internal.MethodRunner.runInSequence(MethodRunner.java:46)
at org.testng.internal.TestInvoker$MethodInvocationAgent.invoke(TestInvoker.java:824)
at org.testng.internal.TestInvoker.invokeTestMethods(TestInvoker.java:146)
at org.testng.internal.TestMethodWorker.invokeTestMethods(TestMethodWorker.java:146)
at org.testng.internal.TestMethodWorker.run(TestMethodWorker.java:128)
at java.base/java.util.ArrayList.forEach(ArrayList.java:1511)
at org.testng.TestRunner.privateRun(TestRunner.java:794)
at org.testng.TestRunner.run(TestRunner.java:596)
at org.testng.SuiteRunner.runTest(SuiteRunner.java:377)
at org.testng.SuiteRunner.runSequentially(SuiteRunner.java:371)
at org.testng.SuiteRunner.privateRun(SuiteRunner.java:332)
at org.testng.SuiteRunner.run(SuiteRunner.java:276)
at org.testng.SuiteRunnerWorker.runSuite(SuiteRunnerWorker.java:53)
at org.testng.SuiteRunnerWorker.run(SuiteRunnerWorker.java:96)
at org.testng.TestNG.runSuitesSequentially(TestNG.java:1212)
at org.testng.TestNG.runSuitesLocally(TestNG.java:1134)
at org.testng.TestNG.runSuites(TestNG.java:1063)
at org.testng.TestNG.run(TestNG.java:1031)
at com.intellij.rt.testng.IDEARemoteTestNG.run(IDEARemoteTestNG.java:66)
at com.intellij.rt.testng.RemoteTestNGStarter.main(RemoteTestNGStarter.java:109)
]]>
            </full-stacktrace>
          </exception> <!-- java.lang.NullPointerException -->
          <reporter-output>
          </reporter-output>
        </test-method> <!-- ProjectFlow -->
        <test-method is-config="true" signature="cleanUp()[pri:0, instance:Tests.ProjectFlowMedicalChart@4c15e7fd]" started-at="2022-01-28T09:37:50 GMT" name="cleanUp" finished-at="2022-01-28T09:37:51 GMT" duration-ms="266" status="PASS">
          <reporter-output>
          </reporter-output>
        </test-method> <!-- cleanUp -->
      </class> <!-- Tests.ProjectFlowMedicalChart -->
    </test> <!-- C:/Users/kishor_ghadge/IdeaProjects/Maven_Project -->
  </suite> <!-- All Test Suite -->
</testng-results>
